
vE
1E942A3041374134
320CD01C45FF410D
05FFFFFF1307FFFF
AD052906FFFFE0F8
87F700000202FFFF
AEF4E3FC1FFFFFFF
FFFFFFFFFFFFFFFF
FFFFFFFFFFFFA186
80 000013F7
81 00001438
82 0000146F
83 000014AE
84 000014E7
85 00001526
86 0000155F
87 0000159A
88 000015D9
89 000016198A
8B 00001650
8C 0000168D
8D 000016D0
8E 0000170A
8F 00001754
90 00001793
12: 1C <- 230F W:90
91 000017D3
92 00001818
93 00001853
94 00001895
95 000018CF
96 00001910
97 00001948
98 00001988
99 000019CF
9A 00001A10
9B 00001A50
9C 00001A94
9D 00001AD1
9E 00001B13
9F 00001B5B
A0 00001B9A
A1 00001BDF
A2 00001C20
A3 00001C66
A4 00001CA8
A5 00001CF0
A6 00001D30
A7 00001D75
A8 00001DB4
A9 00001DF4
AA 00001E36
AB 00001E7B
AC 00001EC1
AD 00001F00
AE 00001F40
16: 40 -> 002D W: AE
AE
00001F8A
AF 00001FCF
B0 00002014
B1 00002053
B2 0000209C
B3 000020DF
B4 00002126
B5 0000216A
B6 0000219F
B7 000021E0
B8 0000222A
B9 00002272
BA 000022AB
BB 000022F0
BC 00002339
BD 0000237D
BE 000023BD
BF 000023FF
C0 00002445
C1 00002489
C2 000024C1
C3 00002508
C4 00002547
C5 00002590
C6 000025CC
C7 00002614
C8 00002664
C9 000026AB
CA 000026F0
CB 00002735
CC
20: 20 <- 254B W:CC
CD 00002780
CE 000027C3
CF 00002805
D0 0000284E
D1 00002894
D2 000028DD
D3 0000291C
D4 00002962
D5 000029B4
D6 000029FB
D7 00002A3F
D8 00002A81
D9 00002ABB
DA 00002B07
DB 00002B4D
DC 00002B97
DD 00002BDC
DE 00002C25
DF 00002C65
E0 00002CAB
E1 00002CE7
E2 00002D30
E3 00002D8B
E4 00002DD7
E5 00002E18
E6 00002E5D
E7 00002EB5
E8 00002EFD
24: 2B -> 1D67 WE8
E9 00002F49
EA 00002F90
EB 00002FDE
EC 00003021
ED 0000306E
EE 000030B6
EF 00003100
25: 1E <- 2C6E W:EF
F0 0000314A
F1 0000319B
F2 000031E7
F3 00003231
F4 0000327C
F5 000032BF
F6 0000330F
F7 0000335A
F8 000033A1
F9 000033F7
FA 0000343F
FB 0000349B
FC 000034E2
FD 0000352F
FE 00003579
FF 000035BC
00003608
0490
EA
2
SLOWDONE
0E:2D:4A:67:6D:C0
11:29:3F:45:60:6A


1E942A
vE
1E942A3041374134
32ACAE421DFF410D
06FFFFFF1506FFFF
A1062006FFFFE0F8
87EC01010000FFFF
AEF4E3FC1FFFFFFF
FFFFFFFFFFFFFFFF
FFFFFFFFFFFF8B5D
80 00001656
81 00001693
82 000016E4
83 00001727
84 00001761
85 000017A2
12: 0F <- 3205 W:86
86 000017EB
87 0000182C
88 00001878
89 000018BB
8A 00001905
8B 00001948
8C 00001998
8D 000019DB
8E 00001A18
8F 00001A5C
90 00001AA8
91 00001AED
92 00001B39
93 00001B7B
94 00001BCB
95 00001C12
96 00001C52
97 00001C98
98 00001CD2
99 00001D1A
9A 00001D64
9B 00001DA7
9C 00001DE7
9D 00001E2A
9E 00001E73
9F 00001EBA
A0 00001F0B
A1 00001F50
A2
16: 35 -> 1021 W: A2
A2
00001F9C
A3 00001FE5
A4 0000202C
A5 00002072
A6 000020B1
A7 000020F9
A8 0000213A
A9 0000217F
AA 000021BF
AB 00002206
AC 00002257
AD 0000229C
AE 000022E6
AF 00002330
B0 00002384
B1 000023CC
B2 00002407
B3 0000244E
B4 000024A0
B5 000024E3
B6 00002529
B7 00002571
B8 000025B8
B9 00002600
BA 0000263F
BB 00002689
BC 000026CC
BD 00002716
BE
20: 44 -> 063D W: BE
BE
00002758
BF 000027A0
C0 000027EE
C1 00002833
C2 0000288B
C3 000028D7
C4 00002928
C5 00002974
C6 000029BC
C7 00002A05
C8 00002A50
C9 00002A9A
CA 00002AE9
CB 00002B31
CC 00002B87
CD 00002BCD
CE 00002C21
CF 00002C67
D0 00002CC3
D1 00002D0B
D2 00002D58
D3 00002D9F
D4 00002DEB
D5 00002E35
D6 00002E8F
D7 00002ED6
D8 00002F2A
D9
24: 0A <- 4A58 W:D9
DA 00002F72
DB 00002FBA
DC 00003006
DD 00003050
DE 0000309F
DF 000030F6
25: 35 -> 225E W: DF
DF
00003146
E0 0000318E
E1 000031D9
E2 00003225
E3 00003273
E4 000032CF
E5 00003319
E6 00003375
E7 000033C5
E8 00003411
E9 0000345A
EA 000034A9
EB 000034F8
EC 00003547
ED 00003594
EE 000035E7
EF 00003634
F0 0000367F
F1 000036CF
F2 00003724
F3 00003770
F4 000037C5
F5 00003814
F6 00003862
F7 000038B0
F8 00003909
F9 00003958
FA 000039AD
FB 000039FC
FC 00003A50
FD
00003A9E
30: 48 -> 067D W: FE
FE
00003AEF
FE 00003B41
FF
DONE
04:21:3D:57:5E:7D
09:20:36:3C:56:C0
FF:FF:FF:FF:FF:FF
0B:21:C0:3B:55:5F

1E942A
vE
1E942A3041374134
322C314234FF410D
06FFFFFF1606FFFF
A2062006FFFFE0F8
8A020403FBFAFFFF
AEF4E3FC1FFFFFFF
FFFFFFFFFFFFFFFF
FFFFFFFFFFFFCF48
80 000015D8
81 00001618
82 0000166D
83 000016AD
84 000016F3
85 00001730
86 00001782
12: 40 -> 1206 W: 87
87 000017C2
88 0000180D
89 00001850
8A 0000189F
8B 000018E1
8C 0000193E
8D 0000197B
8E 000019C8
8F 00001A0B
90 00001A5A
91 00001A9E
92 00001AE5
93 00001B23
94 00001B6D
95 00001BB4
96 00001BEC
97 00001C2F
98 00001C7E
99 00001CC0
9A 00001D14
9B 00001D58
9C 00001DA5
9D 00001DE7
9E 00001E43
9F 00001E88
A0 00001ED4
A1 00001F1A
A2 00001F61
1626 -> 2122 W: A3
A3 00001FA5
A4 00001FEB
A5 00002030
A6 0000207B
A7 000020BE
A8 00002109
A9 00002151
AA 000021A0
AB 000021E4
AC 0000222F
AD 00002274
AE 000022C2
AF 00002307
B0 00002369
B1 000023AE
B2 000023F0
B3 00002436
B4 00002491
B5 000024D8
B6 0000252A
B7 00002575
B8 000025B7
B9 000025FD
BA 0000265F
BB 000026A2
BC 000026F7
BD 00002740
BE
20: 19 <- 303D W:BE
BF 00002787
C0 000027CE
C1 00002826
C2 0000286E
C3 000028B6
C4 00002900
C5 0000294B
C6 00002993
C7 000029E1
C8 00002A2D
C9 00002A88
CA 00002AD0
CB 00002B22
CC 00002B6A
CD 00002BB9
CE 00002C04
CF 00002C5A
D0 00002CA3
D1 00002D01
D2 00002D4E
D3 00002D97
D4 00002DE7
D5 00002E34
D6 00002E80
D7 00002ED4
D8 00002F22
24: 0C <- 4257 W:D8
D9 00002F78
DA 00002FC5
DB 00003012
DC 00003064
DD 000030B4
DE 000030FD
25: 20 <- 295D W:DE
DF 00003158
E0 000031A5
E1 0000320E
E2 00003258
E3 000032B4
E4 00003301
E5 00003362
E6 000033B0
E7 00003419
E8 00003468
E9 000034B5
EA 00003504
EB 0000355B
EC 000035A8
ED 000035FF
EE 00003653
EF 000036AA
F0 000036FA
F1 00003758
F2 000037A7
F3 000037F4
F4 00003840
F5 0000388D
F6 000038DF
F7 0000393A
F8 0000398A
F9 000039DD
FA 00003A28
FB 00003A88
FC 00003AD8
30: 10 <- 407B W:FC
FD 00003B3F
FE 00003B90
FF 00003BED
00003C3C
DONE
06:22:3C:56:5C:7A
0B:21:C0:3B:55:5F

vE
1E942A3041374134
328C544225FF440D
05FFFFFF1406FFFF
A2062106FFFFE0F8
88F703020100FFFF
AEF4E3FC1FFFFFFF
FFFFFFFFFFFFFFFF
FFFFFFFFFFFFA5A1
80 000015F7
81 00001637
82 00001679
83 000016BC
84 0000170B
85 0000174D
86 00001790
12: 23 -> 2006 W: 87
87 000017D2
88 00001814
89 00001855
8A 000018A1
8B 000018E7
8C 0000192B
8D 0000196E
8E 000019B0
8F 000019F2
90 00001A3D
91 00001A80
92 00001AD2
93 00001B14
94 00001B60
95 00001BA4
96 00001BF6
97 00001C3A
98 00001C87
99 00001CCB
9A 00001D27
9B 00001D6A
9C 00001DB1
9D 00001DF7
9E 00001E4A
9F 00001E8D
A0 00001ED1
A1 00001F18
A2 00001F5F
A3
16: 28 -> 1F22 W: A3
A4 00001FE8
A5 00002031
A6 0000207A
A7 000020BE
A8 00002111
A9 0000215B
AA 0000219C
AB 000021E1
AC 00002238
AD 00002280
AE 000022CA
AF 00002315
B0 00002362
B1 000023A9
B2 000023FB
B3 00002440
B4 00002470
B5 000024B9
B6 0000250C
B7 00002556
B8 0000259F
B9 000025E7
BA 00002632
BB 00002679
BC 000026C9
BD 0000270D
BE 00002764
BF
20: 03 <- 543E W: BF
C0 000027AE
C1 000027F6
C2 0000283D
C3 00002880
C4 000028CF
C5 00002921
C6 0000296C
C7 000029B5
C8 000029FF
C9 00002A48
CA 00002A91
CB 00002AF2
CC 00002B3B
CD 00002B86
CE 00002BD0
CF 00002C19
D0 00002C64
D1 00002CB4
D2 00002D00
D3 00002D41
D4 00002D8D
D5 00002DE6
D6 00002E32
D7 00002E94
D8 00002EE1
24: 4C -> 0157 W: D8
D8
00002F3F
D9 00002F8B
DA 00002FD9
DB 00003025
DC 0000307B
DD 000030C6
DE 00003117
DF
25: 0E <- 435E W: DF
DF
00003164
E0 000031B0
E1 000031FC
E2 00003251
E3 0000329A
E4 000032F3
E5 0000333E
E6 0000338D
E7 000033D9
E8 0000342E
E9 0000347C
EA 000034D6
EB 00003528
EC 0000356D
ED 000035BB
EE 00003616
EF 00003665
F0 000036B6
F1 00003703
F2 00003755
F3 000037A3
F4 000037F6
F5 00003845
F6 000038A1
F7 000038F0
F8 0000393F
F9 00003992
FA 000039E9
FB 00003A39
FC 00003A88
FD 00003AD5
FE
30: 10 <- 3D7D W: FE
FE
00003B27
FF
00003B7
DONE
06:22:3D:57:5D:7C
0B:21:37:3C:56:60


1E942A
vE
1E942A3041374134
32CCCC4319FF3E0E
07FFFFFF1406FFFF
A3062206FFFFE0F8
87F200FF00FFFFFF
AEF4E3FC1FFFFFFF
FFFFFFFFFFFFFFFF
FFFFFFFFFFFF09B6
80 000015A6
81 000015E0
82 0000162D
83 0000166B
84 000016B7
85 000016F6
86 00001738
87 00001777
88
12: 38 -> 0707 W: 88
88
000017C2
89 00001800
8A 00001850
8B 00001890
8C 000018DF
8D 0000191B
8E 00001969
8F 000019A8
90 00001A03
91 00001A45
92 00001A8A
93 00001ACA
94 00001B23
95 00001B62
96 00001BB4
97 00001BF4
98 00001C46
99 00001C84
9A 00001CDF
9B 00001D20
9C 00001D6F
9D 00001DB1
9E 00001DF0
9F 00001E31
A0 00001E80
A1 00001EC1
A2 00001F07
A3 00001F49
A4
16: 39 -> 0923 W: A4
A4
00001F9D
A5 00001FE0
A6 00002022
A7 00002063
A8 000020B2
A9 000020F3
AA 00002143
AB 00002184
AC 000021DC
AD 0000221B
AE 00002270
AF 000022B1
B0 00002308
B1 0000234B
B2 00002392
B3 000023D5
B4 0000241F
B5 00002464
B6 000024B9
B7 000024FB
B8 00002549
B9 0000258F
BA 000025D9
BB 0000261B
BC 0000267B
BD 000026BD
BE 00002711
BF
20: 53 -> 013E W: BF
BF
00002755
C0 000027A9
C1 000027EC
C2 0000283C
C3 00002880
C4 000028D5
C5 00002919
C6 0000295F
C7 000029A3
C8 000029EC
C9 00002A2D
CA 00002A82
CB 00002AC5
CC 00002B15
CD 00002B58
CE 00002BAF
CF 00002BF4
D0 00002C50
D1 00002C97
D2 00002CEA
D3 00002D31
D4 00002D90
D5 00002DD6
D6 00002E38
D7 00002E7D
D8 00002ED5
D9 00002F1E
DA
24: 0B <- 3E59 W: DA
DA
00002F68
DB 00002FB3
DC 00003002
DD 00003046
DE 0000309C
DF 000030E4
E0
25: 38 -> 105F W: E0
E0
00003132
E1 0000317A
E2 000031E0
E3 00003223
E4 0000327C
E5 000032C3
E6 00003311
E7 0000335D
E8 000033B0
E9 000033FC
EA 00003442
EB 0000348C
EC 000034F7
ED 00003541
EE 00003596
EF 000035E1
F0 00003633
F1 00003679
F2 000036CF
F3 00003718
F4 0000376C
F5 000037B4
F6 00003815
F7 00003862
F8 000038C3
F9 0000390D
FA 00003969
FB 000039B4
FC 00003A09
FD 00003A55
FE 00003AAE
FF
30: 43 -> 167E W: FF
00003AF
DONE
07:23:3E:58:5F:7E
0C:22:38:3D:57:61




1E942A
vE
1E942A3041374134
328C5B4310FF420C
06FFFFFF1206FFFF
A6062506FFFFE0F8
8A17000000FFFFFF
AEF4E3FC1FFFFFFF
FFFFFFFFFFFFFFFF
FFFFFFFFFFFF35BA
80 00001546
81 00001588
82 000015D5
83 00001615
84 00001652
85 00001694
86 000016D1
87 00001715
88 00001758
89 0000179B
12: 18 <- 2B09 W: 8A
8A 000017DC
8C 00001820
8D 0000185F
8E 000018A4
8F 000018E8
90 00001929
91 00001969
92 000019AF
93 000019EF
94 00001A32
95 00001A6E
96 00001AB1
97 00001AF7
98 00001B3F
99 00001B78
9A 00001BC0
9B 00001C02
9C 00001C48
9D 00001C8F
9E 00001CD5
9F 00001D20
A0 00001D62
A1 00001DA9
A2 00001DF0
A3 00001E33
A4 00001E79
A5 00001EC0
A6 00001F09
A7 00001F48
16: 37 -> 0826 W: A7
A7 00001F8E
A8 00001FDE
A9 00002024
AA 00002063
AB 000020AD
AC 000020EB
AD 00002133
AE 00002174
AF 000021BA
B0 00002206
B1 0000224E
B2 00002296
B3 000022DC
B4 0000231B
B5 00002361
B6 000023A6
B7 000023EF
B8 0000242D
B9 00002474
BA 000024BC
BB 00002507
BC 0000254C
BD 00002595
BE 000025D7
BF 00002622
C0 00002668
C1 000026B2
C2 000026FC
C3 00002745
C4
20: 14 <- 3543 W: C4
C4 00002784
C5 000027D0
C6 00002810
C7 0000285B
C8 000028AF
C9 000028FC
CA 00002948
CB 00002996
CC 000029E7
CD 00002A33
CE 00002A81
CF 00002ACA
D0 00002B13
D1 00002B60
D2 00002BA1
D3 00002BEF
D4 00002C34
D5 00002C83
D6 00002CCC
D7 00002D19
D8 00002D6D
D9 00002DBA
DA 00002E0A
DB 00002E58
DC 00002E98
DD 00002EE4
24: 48 -> 04 5D W: DE
DE 00002F29
DF 00002F77
E0 00002FC0
E1 0000300F
E2 00003052
E3 0000309B
E4 000030ED
25: 39 -> 19 64 W: 64
E5 00003137
E6 00003186
E7 000031D7
E8 00003228
E9 00003276
EA 000032C4
EB 00003312
EC 0000336C
ED 000033BD
EE 00003409
EF 00003456
F0 000034A7
F1 000034F9
F2 00003537
F3 00003589
F4 000035DA
F5 00003626
F6 00003670
F7 000036BD
F8 00003703
F9 00003756
FA 000037A1
FB 000037F0
FC 0000383E
FD 0000388A
FE 000038DD
FF 00003931

0167EA2
SLOWDONE
08:26:42:5D:64:80
0E:25:3C:41:5B:66



1E942A
vE
1E942A3041374134
32EC38283DFF3E0E
06FFFFFF1506FFFF
A2062106FFFFE0F8
89F4020200FFFFFF
AEF4E3FC1FFFFFFF
FFFFFFFFFFFFFFFF
FFFFFFFFFFFF8888
80 00001614
81 0000165A
82 00001696
83 000016DA
84 00001715
85 00001759
86 000017A0
12: 17 <- 3006 W: 87
87 000017E6
88 00001828
89 0000186E
8A 000018A3
8B 000018E8
8C 0000192F
8D 00001977
8E 000019CD
8F 00001A12
90 00001A50
91 00001A96
92 00001AD3
93 00001B1B
94 00001B64
95 00001BAB
96 00001BEB
97 00001C34
98 00001C80
99 00001CC9
9A 00001D12
9B 00001D58
9C 00001DA2
9D 00001DE8
9E 00001E24
9F 00001E6B
A0 00001EC5
A1 00001F0D
A2 00001F53
16: 33 -> 1322 W: A3
A3 00001F9E
A4 00001FE0
A5 00002028
A6 00002067
A7 000020AC
A8 000020ED
A9 00002133
AA 0000217A
AB 000021C7
AC 000021FC
AD 00002244
AE 0000228A
AF 000022D2
B0 00002324
B1 0000236C
B2 000023AD
B3 000023F8
B4 00002453
B5 000024A1
B6 000024FF
B7 0000254B
B8 0000259C
B9 000025E9
BA 00002633
BB 00002680
BC 000026C8
BD 0000270F
BE 0000275E
20: 01 <- 4E3E W: BF
BF 000027AC
C0 000027F9
C1 00002846
C2 00002892
C3 000028E0
C4 00002926
C5 00002972
C6 000029B8
C7 00002A06
C8 00002A3F
C9 00002A8C
CA 00002ACF
CB 00002B1D
CC 00002B5F
CD 00002BAC
CE 00002BF4
CF 00002C3E
D0 00002C96
D1 00002CE5
D2 00002D33
D3 00002D7E
D4 00002DD9
D5 00002E25
D6 00002E73
D7 00002EC4
D8 00002F18
24: 1C <- 3858 W: D9
D9 00002F68
DA 00002FB7
DB 00003005
DC 0000304C
DD 00003099
DE 000030ED
25: 3B -> 195E W: DF
DF 0000313B
E0 0000318A
E1 000031D9
E2 0000322E
E3 0000327C
E4 000032D0
E5 00003322
E6 00003372
E7 000033C6
E8 00003412
E9 00003460
EA 000034AC
EB 000034FD
EC 0000354F
ED 000035A3
EE 000035F6
EF 00003645
F0 0000369E
F1 000036EE
F2 00003737
F3 0000378D
F4 000037DD
F5 00003831
F6 00003888
F7 000038D7
F8 0000392E
F9 00003982
FA 000039DC
FB 00003A30
FC 00003A8A
FD 00003ADF
30: 0E <- 477D W: FE
FE 00003B2F
FF 00003B83
DONE
05:22:3D:57:5E:7C
0B:21:37:3C:56:60


1E942A
vE
1E942A3041374134
324CF0284CFF450D
05FFFFFF1307FFFF
B7033603FFFFE0F8
85F503030404FFFF
AEF4E3FC1FFFFFFF
FFFFFFFFFFFFFFFF
FFFFFFFFFFFFF4E5
80 000012C7
81 000012FF
82 00001333
83 0000136C
84 000013AE
85 000013E3
86 00001413
87 0000144D
88 0000148E
89
8A 000014C4
8B 00001509
8C 00001541
8D 00001574
8E 000015AF
8F 000015E9
90 00001620
91 00001665
92 0000169D
93 000016E2
94 00001718
95 00001752
96 00001788
12: 1E -> 18 W: 15
96 000017CE
97 00001809
98 00001848
99 0000187F
9A 000018C2
9B 000018FA
9C 0000193D
9D 00001978
9E 000019B0
9F 000019E9
A0 00001A2B
A1 00001A62
A2 00001A9A
A3 00001AD5
A4 00001B1B
A5 00001B53
A6 00001B88
A7 00001BC0
A8 00001BF3
A9 00001C30
AA 00001C5D
AB 00001C99
AC 00001CD8
AD 00001D0F
AE 00001D57
AF 00001D90
B0 00001DD4
B1 00001E10
B2 00001E47
B3 00001E80
B4 00001EBF
B5 00001EF9
B6 00001F32
B7 00001F6E
16: 0E <- 2E W: 37
B8 00001FAF
B9 00001FEB
BA 00002030
BB 00002066
BC 000020A9
BD 000020E6
BE 00002123
BF 0000215F
C0 00002194
C1 000021D1
C2 0000221B
C3 00002254
C4 00002293
C5 000022CF
C6 00002314
C7 00002352
C8 00002397
C9 000023D2
CA 0000240D
CB 00002448
CC 00002492
CD 000024CD
CE 0000250A
CF 00002544
D0 00002595
D1 000025CF
D2 0000260F
D3 0000264B
D4 00002681
D5 000026BC
D6 00002705
D7 00002741
20: 0B <- 31 W: 57
D8 00002780
D9 000027BC
DA 0000280A
DB 00002848
DC 00002881
DD 000028BA
DE 00002908
DF 00002946
E0 00002990
E1 000029CF
E2 00002A10
E3 00002A51
E4 00002A9D
E5 00002ADA
E6 00002B1A
E7 00002B56
E8 00002B8F
E9 00002BCC
EA 00002C08
EB 00002C46
EC 00002C8D
ED 00002CC9
EE 00002D0D
EF 00002D4C
F0 00002D94
F1 00002DD7
F2 00002E18
F3 00002E5A
F4 00002EA6
F5 00002EE8
24: 3A -> 08 W: 75
F6 00002F38
F7 00002F73
F8 00002FA4
F9 00002FE1
FA 0000302B
FB 0000306A
FC 000030BB
FD 000030FB
25: 19 <- 27 W: 7D
FE 00003145
FF 00003181
0917EA2
SLOWDONE
15:36:56:75:7C:80
1A:35:4F:55:73:7F
