rjmp,.+1980
nop
rjmp,.+2060
nop
rjmp,.+2056
nop
rjmp,.+2052
nop
rjmp,.+2048
nop
rjmp,.+2044
nop
rjmp,.+2040
nop
rjmp,.+2036
nop
rjmp,.+2032
nop
rjmp,.+2028
nop
rjmp,.+2024
nop
rjmp,.+2020
nop
rjmp,.+2016
nop
rjmp,.+2012
nop
rjmp,.+2008
nop
rjmp,.+2004
nop
rjmp,.+2000
nop
rjmp,.+1996
nop
rjmp,.+1992
nop
rjmp,.+1988
nop
rjmp,.+1984
nop
jmp,0x282e
jmp,0x2824
jmp,0x2838
rjmp,.+1968
nop
rjmp,.+1964
nop
rjmp,.+1960
nop
rjmp,.+1956
nop
rjmp,.+1952
nop
rjmp,.+1948
nop
jmp,0x2ac4
jmp,0x290a
rjmp,.+1936
nop
rjmp,.+1932
nop
rjmp,.+1928
nop
rjmp,.+1924
nop
rjmp,.+1920
nop
rjmp,.+1916
nop
rjmp,.+1912
nop
rjmp,.+1908
nop
rjmp,.+1904
nop
rjmp,.+1900
nop
rjmp,.+1896
nop
rjmp,.+1892
nop
jmp,0x295a
rjmp,.+1884
nop
rjmp,.+1880
nop
rjmp,.+1876
nop
rjmp,.+1872
nop
rjmp,.+1868
nop
rjmp,.+1864
nop
rjmp,.+1860
nop
rjmp,.+1856
nop
rjmp,.+1852
nop
rjmp,.+1848
nop
rjmp,.+1844
nop
rjmp,.+1840
nop
rjmp,.+1836
nop
rjmp,.+1832
nop
rjmp,.+1828
nop
rjmp,.+1824
sbci,r18,0x40
sbci,r21,0x92
subi,r20,0x46
and,r3,r2
cp,r7,r18
eor,r1,r1
out,0x3f,r1
ldi,r28,0xFF
out,0x3d,r28
ldi,r29,0x7F
out,0x3e,r29
ldi,r17,0x41
ldi,r26,0x00
ldi,r27,0x40
ldi,r30,0x78
ldi,r31,0x48
ldi,r16,0x00
out,0x3b,r16
rjmp,.+4
elpm,r0,Z+
st,X+,r0
cpi,r26,0x36
cpc,r27,r17
brne,.-10
ldi,r18,0x5E
ldi,r26,0x36
ldi,r27,0x41
rjmp,.+2
st,X+,r1
cpi,r26,0x8F
cpc,r27,r18
brne,.-8
ldi,r17,0x04
ldi,r28,0xDF
ldi,r29,0x04
rjmp,.+8
sbiw,r28,0x01
movw,r30,r28
call,0x485a
cpi,r28,0xDE
cpc,r29,r17
brne,.-14
call,0x2de6
jmp,0x4874
rjmp,.-2068
movw,r26,r24
ld,r30,X+
ld,r31,X
ld,r0,Z+
ld,r31,Z
mov,r30,r0
ijmp
push,r14
push,r15
push,r16
push,r17
push,r28
push,r29
movw,r16,r24
movw,r14,r22
ldi,r29,0x00
ldi,r28,0x00
movw,r30,r14
add,r30,r28
adc,r31,r29
lpm,r22,Z
and,r22,r22
breq,.+24
movw,r26,r16
ld,r30,X+
ld,r31,X
ld,r0,Z+
ld,r31,Z
mov,r30,r0
movw,r24,r16
icall
or,r24,r25
breq,.+4
adiw,r28,0x01
rjmp,.-36
movw,r24,r28
pop,r29
pop,r28
pop,r17
pop,r16
pop,r15
pop,r14
ret
push,r10
push,r11
push,r12
push,r13
push,r14
push,r15
push,r16
push,r17
push,r28
push,r29
movw,r12,r24
movw,r14,r22
movw,r16,r22
add,r16,r20
adc,r17,r21
movw,r28,r22
movw,r10,r28
sub,r10,r14
sbc,r11,r15
cp,r28,r16
cpc,r29,r17
breq,.+22
ld,r22,Y+
movw,r26,r12
ld,r30,X+
ld,r31,X
ld,r0,Z+
ld,r31,Z
mov,r30,r0
movw,r24,r12
icall
or,r24,r25
brne,.-34
movw,r24,r10
pop,r29
pop,r28
pop,r17
pop,r16
pop,r15
pop,r14
pop,r13
pop,r12
pop,r11
pop,r10
ret
movw,r30,r24
ldd,r21,Z+21
ldd,r20,Z+22
mov,r18,r21
ldi,r19,0x00
mov,r24,r20
ldi,r25,0x00
sub,r24,r18
sbc,r25,r19
cp,r21,r20
brcs,.+4
adiw,r24,0x3f
ret
sbiw,r24,0x01
ret
movw,r30,r24
ldd,r25,Z+19
ldd,r24,Z+20
cp,r25,r24
breq,.+24
ldd,r26,Z+20
add,r26,r30
mov,r27,r31
adc,r27,r1
adiw,r26,0x17
ld,r24,X
ldd,r25,Z+20
subi,r25,0xFF
andi,r25,0x3F
std,Z+20,r25
ldi,r25,0x00
ret
ldi,r24,0xFF
ldi,r25,0xFF
ret
movw,r30,r24
ldd,r25,Z+19
ldd,r24,Z+20
cp,r25,r24
breq,.+12
ldd,r24,Z+20
add,r30,r24
adc,r31,r1
ldd,r24,Z+23
ldi,r25,0x00
ret
ldi,r24,0xFF
ldi,r25,0xFF
ret
movw,r30,r24
ldd,r25,Z+19
ldd,r18,Z+20
mov,r24,r25
ldi,r25,0x00
subi,r24,0xC0
sbci,r25,0xFF
sub,r24,r18
sbc,r25,r1
andi,r24,0x3F
eor,r25,r25
ret
push,r28
push,r29
movw,r28,r24
ld,r30,Y
ldd,r31,Y+1
ldd,r0,Z+6
ldd,r31,Z+7
mov,r30,r0
icall
ldd,r30,Y+12
ldd,r31,Y+13
ldd,r24,Z+6
std,Z+6,r1
ldd,r24,Z+5
std,Z+5,r1
ldi,r24,0x40
std,Z+4,r24
ldd,r24,Y+20
std,Y+19,r24
std,Y+18,r1
pop,r29
pop,r28
ret
push,r8
push,r9
push,r10
push,r11
push,r15
push,r16
push,r17
push,r28
push,r29
movw,r16,r24
movw,r8,r20
movw,r10,r22
mov,r29,r18
mov,r28,r19
movw,r26,r24
adiw,r26,0x12
ld,r24,X
sbiw,r26,0x12
sbrs,r24,0
rjmp,.+14
ld,r30,X+
ld,r31,X
ldd,r0,Z+18
ldd,r31,Z+19
mov,r30,r0
movw,r24,r16
icall
cpse,r29,r1
rjmp,.+2
ldi,r29,0x03
mov,r15,r29
clt
bld,r15,2
mov,r29,r28
com,r29
andi,r29,0xC0
ldi,r27,0x61
cp,r8,r27
ldi,r27,0xE3
cpc,r9,r27
ldi,r27,0x16
cpc,r10,r27
cpc,r11,r1
brcs,.+10
ori,r29,0x02
lsr,r11
ror,r10
ror,r9
ror,r8
ldi,r22,0x00
ldi,r23,0xD8
ldi,r24,0xB8
ldi,r25,0x05
movw,r20,r10
movw,r18,r8
call,0x437e
movw,r24,r18
cpi,r18,0x40
cpc,r19,r1
brcc,.+4
ldi,r24,0x40
ldi,r25,0x00
mov,r19,r28
andi,r19,0x2B
sbrc,r29,7
ori,r19,0x80
mov,r20,r29
andi,r20,0xC8
sbrc,r19,0
ori,r20,0x01
in,r21,0x3f
cli
movw,r26,r16
adiw,r26,0x0c
ld,r30,X+
ld,r31,X
std,Z+6,r1
std,Z+7,r15
std,Z+8,r24
std,Z+9,r25
sbrs,r19,5
rjmp,.+286
andi,r20,0x7F
ldi,r24,0x01
std,Z+12,r24
ldi,r24,0xFF
std,Z+13,r24
andi,r19,0xDF
std,Z+5,r19
std,Z+6,r29
movw,r30,r16
ldd,r18,Z+17
ldd,r28,Z+16
ldd,r24,Z+14
ldd,r25,Z+15
movw,r30,r24
ldi,r19,0x03
mul,r18,r19
add,r30,r0
adc,r31,r1
eor,r1,r1
lpm,r22,Z+
lpm,r23,Z
cp,r18,r28
brcs,.+2
rjmp,.+178
mov,r18,r23
sbrs,r20,6
rjmp,.+236
cpi,r23,0x29
brcc,.+34
ldi,r19,0x00
movw,r30,r18
subi,r30,0x88
sbci,r31,0xBF
ld,r26,Z
cpi,r26,0xFF
breq,.+20
subi,r18,0x5F
sbci,r19,0xBF
movw,r30,r18
ld,r19,Z
ldi,r18,0x20
mul,r19,r18
movw,r30,r0
eor,r1,r1
subi,r31,0xFC
std,Z+1,r26
sbrs,r20,7
rjmp,.+84
ldi,r18,0x01
add,r18,r23
cpi,r18,0x29
brcc,.+76
ldi,r19,0x00
movw,r30,r18
subi,r30,0x88
sbci,r31,0xBF
ld,r29,Z
cpi,r29,0xFF
breq,.+62
movw,r30,r18
subi,r30,0x5F
sbci,r31,0xBF
ld,r26,Z
ldi,r31,0x20
mul,r26,r31
movw,r26,r0
eor,r1,r1
subi,r27,0xFC
subi,r18,0xCB
sbci,r19,0xBF
movw,r30,r18
ld,r17,Z
ldi,r31,0x00
ldi,r30,0x00
cpi,r17,0x08
brcc,.+12
movw,r18,r26
subi,r18,0xF0
sbci,r19,0xFF
movw,r30,r18
add,r30,r17
adc,r31,r1
in,r19,0x3f
cli
adiw,r26,0x02
st,X,r29
ld,r18,Z
ori,r18,0x08
st,Z,r18
out,0x3f,r19
sbrs,r20,0
rjmp,.+42
ldi,r18,0x03
add,r18,r23
cpi,r18,0x29
brcc,.+34
ldi,r19,0x00
movw,r30,r18
subi,r30,0x88
sbci,r31,0xBF
ld,r20,Z
cpi,r20,0xFF
breq,.+20
subi,r18,0x5F
sbci,r19,0xBF
movw,r26,r18
ld,r30,X
ldi,r27,0x20
mul,r30,r27
movw,r30,r0
eor,r1,r1
subi,r31,0xFC
std,Z+1,r20
movw,r30,r24
ldi,r18,0x03
mul,r28,r18
add,r30,r0
adc,r31,r1
eor,r1,r1
adiw,r30,0x01
lpm,r18,Z+
lpm,r19,Z
movw,r30,r18
eor,r31,r31
subi,r30,0x1E
sbci,r31,0xFA
ld,r25,Z
mov,r24,r19
com,r24
and,r24,r25
or,r22,r24
st,Z,r22
out,0x3f,r21
pop,r29
pop,r28
pop,r17
pop,r16
pop,r15
pop,r11
pop,r10
pop,r9
pop,r8
ret
std,Z+12,r1
rjmp,.-280
mov,r19,r20
andi,r19,0x50
brne,.+2
rjmp,.-206
cpi,r23,0x29
brcs,.+2
rjmp,.-212
ldi,r19,0x00
movw,r30,r18
subi,r30,0x88
sbci,r31,0xBF
ld,r29,Z
cpi,r29,0xFF
brne,.+2
rjmp,.-228
movw,r30,r18
subi,r30,0x5F
sbci,r31,0xBF
ld,r26,Z
ldi,r30,0x20
mul,r26,r30
movw,r26,r0
eor,r1,r1
subi,r27,0xFC
subi,r18,0xCB
sbci,r19,0xBF
movw,r30,r18
ld,r17,Z
ldi,r31,0x00
ldi,r30,0x00
cpi,r17,0x08
brcc,.+12
movw,r18,r26
subi,r18,0xF0
sbci,r19,0xFF
movw,r30,r18
add,r30,r17
adc,r31,r1
in,r19,0x3f
cli
adiw,r26,0x02
st,X,r29
ld,r18,Z
ori,r18,0x08
st,Z,r18
out,0x3f,r19
rjmp,.-292
movw,r30,r24
in,r0,0x3f
sbrs,r0,7
rjmp,.+8
lds,r24,0x0111
and,r24,r24
breq,.+42
ldd,r26,Z+12
ldd,r27,Z+13
adiw,r26,0x04
ld,r24,X
sbiw,r26,0x04
sbrs,r24,5
rjmp,.+28
ldd,r25,Z+21
ldd,r24,Z+22
cp,r25,r24
breq,.+14
adiw,r26,0x05
ld,r24,X
sbiw,r26,0x05
andi,r24,0xDF
adiw,r26,0x05
st,X,r24
ret
clt
jmp,0x284e
ret
push,r16
push,r17
push,r28
push,r29
movw,r28,r24
ldd,r24,Y+18
mov,r25,r24
ori,r25,0x01
std,Y+18,r25
ldd,r18,Y+21
ldd,r25,Y+22
cpse,r18,r25
rjmp,.+20
ldd,r30,Y+12
ldd,r31,Y+13
ldd,r25,Z+4
sbrs,r25,5
rjmp,.+10
sbrc,r24,1
rjmp,.+26
ldi,r24,0x40
std,Z+4,r24
rjmp,.+36
mov,r16,r22
ldd,r17,Y+21
subi,r17,0xFF
andi,r17,0x3F
ldd,r24,Y+22
cpse,r24,r17
rjmp,.+42
movw,r24,r28
rcall,.-124
rjmp,.-12
ldd,r24,Z+5
andi,r24,0x7F
ori,r24,0x40
ldi,r25,0x40
std,Z+4,r25
ldd,r30,Y+12
ldd,r31,Y+13
std,Z+5,r24
ldd,r30,Y+12
ldd,r31,Y+13
std,Z+2,r22
ldi,r24,0x01
ldi,r25,0x00
pop,r29
pop,r28
pop,r17
pop,r16
ret
ldd,r30,Y+21
add,r30,r28
mov,r31,r29
adc,r31,r1
subi,r30,0xA9
sbci,r31,0xFF
st,Z,r16
std,Y+21,r17
ldd,r30,Y+12
ldd,r31,Y+13
ldd,r24,Y+18
sbrs,r24,1
rjmp,.+18
ldd,r24,Z+5
andi,r24,0x7F
ori,r24,0x60
ldi,r25,0x40
std,Z+4,r25
ldd,r30,Y+12
ldd,r31,Y+13
std,Z+5,r24
rjmp,.-58
ldd,r24,Z+5
ori,r24,0x20
rjmp,.-10
push,r28
push,r29
movw,r28,r24
ldd,r24,Y+18
sbrs,r24,0
rjmp,.+22
ldd,r30,Y+12
ldd,r31,Y+13
ldd,r24,Z+5
sbrc,r24,5
rjmp,.+6
ldd,r24,Z+4
sbrc,r24,6
rjmp,.+6
movw,r24,r28
rcall,.-244
rjmp,.-22
pop,r29
pop,r28
ret
ldi,r24,0x01
ret
in,r25,0x3f
cli
lds,r30,0x0B2A
lds,r31,0x0B2B
lds,r24,0x0B26
lds,r18,0x4168
lds,r19,0x4169
lds,r20,0x416A
lds,r21,0x416B
out,0x3f,r25
sbrs,r24,0
rjmp,.+16
cpi,r30,0xEC
ldi,r24,0x2C
cpc,r31,r24
brcc,.+8
subi,r18,0xFF
sbci,r19,0xFF
sbci,r20,0xFF
sbci,r21,0xFF
movw,r0,r30
lsr,r1
ror,r0
lsr,r1
ror,r0
lsr,r1
ror,r0
lsr,r1
ror,r0
movw,r30,r0
lsr,r1
ror,r0
add,r30,r0
adc,r31,r1
lsr,r1
ror,r0
mov,r1,r0
lsr,r1
sub,r0,r1
lsr,r1
add,r0,r1
lsr,r1
sub,r0,r1
lsr,r1
add,r0,r1
lsr,r1
sub,r0,r1
lsr,r1
lsr,r1
add,r0,r1
eor,r1,r1
sub,r30,r0
sbc,r31,r1
ldi,r26,0xE8
ldi,r27,0x03
call,0x435e
add,r22,r30
adc,r23,r31
adc,r24,r1
adc,r25,r1
ret
push,r8
push,r9
push,r10
push,r11
push,r12
push,r13
push,r14
push,r15
movw,r8,r22
movw,r10,r24
rcall,.-160
movw,r12,r22
movw,r14,r24
rcall,.-166
sub,r22,r12
sbc,r23,r13
sbc,r24,r14
sbc,r25,r15
cpi,r22,0xE8
sbci,r23,0x03
cpc,r24,r1
cpc,r25,r1
brcs,.-20
ldi,r18,0x01
sub,r8,r18
sbc,r9,r1
sbc,r10,r1
sbc,r11,r1
ldi,r24,0xE8
add,r12,r24
ldi,r24,0x03
adc,r13,r24
adc,r14,r1
adc,r15,r1
cp,r8,r1
cpc,r9,r1
cpc,r10,r1
cpc,r11,r1
brne,.-52
pop,r15
pop,r14
pop,r13
pop,r12
pop,r11
pop,r10
pop,r9
pop,r8
ret
in,r18,0x3f
cli
lds,r22,0x4168
lds,r23,0x4169
lds,r24,0x416A
lds,r25,0x416B
out,0x3f,r18
ret
push,r8
push,r9
push,r10
push,r11
push,r14
push,r15
push,r17
push,r28
push,r29
movw,r28,r24
mov,r17,r22
ld,r30,Y
ldd,r31,Y+1
ldd,r0,Z+12
ldd,r31,Z+13
mov,r30,r0
mov,r20,r22
ldi,r23,0x00
ldi,r22,0x00
icall
movw,r14,r24
subi,r17,0x01
cpi,r17,0x02
brcc,.+52
std,Y+9,r1
std,Y+10,r1
ldd,r8,Y+16
ldd,r9,Y+17
ldd,r10,Y+18
ldd,r11,Y+19
rcall,.-320
std,Y+24,r22
std,Y+25,r23
std,Y+26,r24
std,Y+27,r25
std,Y+28,r8
std,Y+29,r9
std,Y+30,r10
std,Y+31,r11
movw,r24,r14
pop,r29
pop,r28
pop,r17
pop,r15
pop,r14
pop,r11
pop,r10
pop,r9
pop,r8
ret
ldd,r8,Y+20
ldd,r9,Y+21
ldd,r10,Y+22
ldd,r11,Y+23
rjmp,.-50
ldi,r22,0x01
ldi,r24,0x66
ldi,r25,0x5E
rjmp,.-118
movw,r26,r24
adiw,r26,0x08
ld,r24,X
sbiw,r26,0x08
cp,r20,r24
brcs,.+4
ldi,r20,0xFF
add,r20,r24
adiw,r26,0x0b
ld,r25,X
sbiw,r26,0x0b
and,r25,r25
breq,.+34
adiw,r26,0x07
ld,r25,X
sbiw,r26,0x07
cp,r22,r25
brcs,.+12
sub,r22,r25
subi,r20,0xFF
cp,r20,r24
brcs,.-12
ldi,r20,0x00
rjmp,.-16
adiw,r26,0x09
st,X,r22
sbiw,r26,0x09
adiw,r26,0x0a
st,X,r20
sbiw,r26,0x0a
movw,r30,r26
add,r30,r20
adc,r31,r1
ldd,r24,Z+12
add,r22,r24
ori,r22,0x80
movw,r24,r26
rjmp,.-194
push,r8
push,r9
push,r10
push,r11
push,r14
push,r15
push,r16
push,r17
push,r28
push,r29
movw,r28,r24
mov,r20,r22
ld,r30,Y
ldd,r31,Y+1
ldd,r0,Z+12
ldd,r31,Z+13
mov,r30,r0
ldi,r22,0x01
ldi,r23,0x00
icall
movw,r14,r24
ldd,r8,Y+20
ldd,r9,Y+21
ldd,r10,Y+22
ldd,r11,Y+23
rcall,.-504
std,Y+24,r22
std,Y+25,r23
std,Y+26,r24
std,Y+27,r25
std,Y+28,r8
std,Y+29,r9
std,Y+30,r10
std,Y+31,r11
ldi,r16,0x01
ldi,r17,0x00
or,r14,r15
breq,.+4
ldi,r17,0x00
ldi,r16,0x00
ldd,r24,Y+11
and,r24,r24
breq,.+36
ldd,r24,Y+9
subi,r24,0xFF
std,Y+9,r24
ldd,r25,Y+7
cp,r24,r25
brcs,.+24
std,Y+9,r1
ldd,r24,Y+10
subi,r24,0xFF
std,Y+10,r24
ldd,r25,Y+8
cp,r24,r25
brcs,.+2
std,Y+10,r1
ldd,r20,Y+10
ldi,r22,0x00
movw,r24,r28
rcall,.-198
movw,r24,r16
pop,r29
pop,r28
pop,r17
pop,r16
pop,r15
pop,r14
pop,r11
pop,r10
pop,r9
pop,r8
ret
ldi,r24,0xFD
ldi,r25,0xFF
ret
ldi,r24,0xFD
ldi,r25,0xFF
ret
ldi,r25,0x00
ldi,r24,0x00
ret
lds,r24,0x4007
cpi,r24,0x04
breq,.+6
lds,r24,0x4F97
ret
ldi,r24,0x00
ret
lds,r24,0x4007
cpi,r24,0x04
brne,.+16
lds,r24,0x4FA0
ldi,r18,0x06
mul,r24,r18
movw,r24,r0
eor,r1,r1
adiw,r24,0x09
ret
cpi,r24,0x08
breq,.+14
lds,r24,0x4FA0
ldi,r18,0x03
mul,r24,r18
movw,r24,r0
eor,r1,r1
ret
ldi,r24,0xFF
ldi,r25,0x00
ret
lds,r24,0x4007
cpi,r24,0x04
breq,.+20
cpi,r24,0x08
breq,.+16
lds,r24,0x4FA1
ldi,r18,0x04
mul,r24,r18
movw,r24,r0
eor,r1,r1
adiw,r24,0x02
ret
ldi,r24,0x02
ldi,r25,0x00
ret
push,r2
push,r3
push,r4
push,r5
push,r6
push,r7
push,r8
push,r9
push,r10
push,r11
push,r12
push,r13
push,r14
push,r15
push,r16
push,r17
push,r28
push,r29
movw,r2,r24
movw,r6,r22
movw,r4,r20
movw,r8,r16
movw,r10,r18
rcall,.-82
movw,r12,r24
rcall,.-134
movw,r14,r24
rcall,.-156
mov,r17,r24
lds,r24,0x4007
cpi,r24,0x04
breq,.+2
rjmp,.+186
ldi,r24,0x02
ldi,r25,0x00
subi,r24,0x61
sbci,r25,0xB0
movw,r28,r24
ld,r24,Y
and,r24,r24
brne,.+2
rjmp,.+174
ldi,r24,0x00
ldi,r25,0x00
movw,r26,r24
mov,r28,r17
ldi,r29,0x00
subi,r28,0xB0
sbci,r29,0xF6
movw,r30,r28
lpm,r20,Z
add,r14,r12
adc,r15,r13
movw,r22,r24
movw,r24,r26
add,r22,r8
adc,r23,r9
adc,r24,r10
adc,r25,r11
mul,r20,r14
movw,r18,r0
mul,r20,r15
add,r19,r0
eor,r1,r1
ldi,r21,0x00
ldi,r20,0x00
call,0x437e
movw,r18,r14
ldi,r21,0x00
ldi,r20,0x00
call,0x437e
mov,r14,r18
mov,r15,r1
ldi,r31,0x18
mul,r17,r31
movw,r10,r0
eor,r1,r1
movw,r30,r10
ldi,r16,0x03
mul,r18,r16
add,r30,r0
adc,r31,r1
eor,r1,r1
movw,r26,r30
subi,r26,0xCC
sbci,r27,0xFA
movw,r20,r30
subi,r20,0xCB
sbci,r21,0xFA
cp,r22,r12
cpc,r23,r13
brcc,.+80
subi,r30,0xCD
sbci,r31,0xFA
lpm,r30,Z
movw,r28,r2
st,Y,r30
movw,r30,r26
lpm,r26,Z
movw,r28,r6
st,Y,r26
movw,r30,r20
lpm,r20,Z
movw,r28,r4
st,Y,r20
pop,r29
pop,r28
pop,r17
pop,r16
pop,r15
pop,r14
pop,r13
pop,r12
pop,r11
pop,r10
pop,r9
pop,r8
pop,r7
pop,r6
pop,r5
pop,r4
pop,r3
pop,r2
ret
ldi,r24,0x03
ldi,r25,0x00
rjmp,.-188
ldi,r24,0xB0
ldi,r25,0x04
ldi,r26,0x00
ldi,r27,0x00
rjmp,.-178
ldi,r30,0x08
ldi,r31,0x07
movw,r16,r30
sub,r16,r12
sbc,r17,r13
movw,r12,r16
movw,r30,r28
lpm,r28,Z
ldi,r31,0xFF
sub,r14,r31
sbc,r15,r31
subi,r18,0xFF
cp,r28,r14
cpc,r1,r15
breq,.+2
brge,.+2
ldi,r18,0x00
movw,r16,r22
subi,r16,0x7D
sbci,r17,0xBE
movw,r8,r16
add,r8,r12
adc,r9,r13
movw,r30,r8
ld,r28,Z
movw,r24,r10
ldi,r31,0x03
mul,r18,r31
add,r24,r0
adc,r25,r1
eor,r1,r1
movw,r30,r24
subi,r30,0xCC
sbci,r31,0xFA
lpm,r29,Z
movw,r30,r26
lpm,r26,Z
ldi,r18,0xFF
ldi,r19,0x00
sub,r18,r28
sbc,r19,r1
mul,r26,r18
movw,r22,r0
mul,r26,r19
add,r23,r0
eor,r1,r1
mul,r29,r28
add,r22,r0
adc,r23,r1
eor,r1,r1
movw,r30,r6
st,Z,r23
subi,r24,0xCB
sbci,r25,0xFA
movw,r30,r24
lpm,r24,Z
movw,r30,r20
lpm,r20,Z
mul,r20,r18
movw,r22,r0
mul,r20,r19
add,r23,r0
eor,r1,r1
mul,r28,r24
add,r22,r0
adc,r23,r1
eor,r1,r1
movw,r28,r4
st,Y,r23
rjmp,.-194
and,r18,r18
breq,.+32
ldi,r30,0x43
ldi,r31,0x50
ldi,r18,0x50
ldi,r19,0x5E
ldd,r25,Z+3
st,Z+,r25
cp,r18,r30
cpc,r19,r31
brne,.-10
sts,0x5E50,r24
sts,0x5E51,r22
sts,0x5E52,r20
ret
ldi,r30,0x50
ldi,r31,0x5E
ld,r25,-Z
std,Z+3,r25
ldi,r25,0x50
cpi,r30,0x43
cpc,r31,r25
brne,.-12
sts,0x5043,r24
sts,0x5044,r22
sts,0x5045,r20
ret
lds,r30,0x4175
lds,r18,0x4007
ldi,r25,0x08
mul,r18,r25
movw,r18,r0
eor,r1,r1
add,r30,r18
mov,r31,r19
adc,r31,r1
subi,r30,0xC5
sbci,r31,0xF9
lpm,r30,Z
cpi,r30,0x1F
brne,.+16
cpi,r24,0x20
brcs,.+2
ldi,r24,0x1F
mov,r30,r24
ldi,r31,0x00
subi,r30,0x07
sbci,r31,0xFB
lpm,r24,Z
ret
in,r19,0x3f
lds,r18,0x1002
mov,r20,r18
andi,r20,0x02
sbrc,r18,1
rjmp,.-12
cli
ldi,r18,0x9D
out,0x34,r18
sts,0x1000,r20
ldi,r20,0x13
out,0x34,r18
sts,0x1000,r20
movw,r26,r24
ld,r30,X+
ld,r31,X
andi,r31,0x01
subi,r31,0xEC
st,Z,r22
out,0x3f,r19
ret
movw,r26,r24
ld,r30,X+
ld,r31,X
ldd,r0,Z+16
ldd,r31,Z+17
mov,r30,r0
ldi,r18,0x03
ldi,r19,0x00
ijmp
ret
mov,r18,r24
ldi,r19,0x00
cpi,r24,0x29
brcc,.+42
movw,r30,r18
subi,r30,0x88
sbci,r31,0xBF
ld,r24,Z
cpi,r24,0xFF
breq,.+30
subi,r18,0x5F
sbci,r19,0xBF
movw,r26,r18
ld,r30,X
ldi,r27,0x20
mul,r30,r27
movw,r30,r0
eor,r1,r1
subi,r31,0xFC
ldd,r25,Z+8
and,r25,r24
ldi,r24,0x01
brne,.+6
ldi,r24,0x00
ret
ldi,r24,0xFF
ret
push,r16
push,r17
push,r28
push,r29
cpi,r24,0x29
brcs,.+2
rjmp,.+248
ldi,r25,0x00
movw,r26,r24
subi,r26,0x88
sbci,r27,0xBF
ld,r18,X
cpi,r18,0xFF
brne,.+2
rjmp,.+232
movw,r16,r24
subi,r16,0x5F
sbci,r17,0xBF
movw,r28,r16
ld,r30,Y
ldi,r29,0x20
mul,r30,r29
movw,r30,r0
eor,r1,r1
subi,r31,0xFC
cpse,r22,r1
rjmp,.+102
std,Z+6,r18
ld,r19,Z
and,r18,r19
movw,r20,r24
subi,r20,0xCB
sbci,r21,0xBF
cpse,r18,r1
rjmp,.+34
movw,r28,r20
ld,r18,Y
sbiw,r30,0x00
breq,.+82
cpi,r18,0x08
brcc,.+78
adiw,r30,0x10
add,r30,r18
adc,r31,r1
in,r19,0x3f
cli
ld,r18,Z
cpse,r22,r1
rjmp,.+68
andi,r18,0xF7
st,Z,r18
out,0x3f,r19
movw,r30,r20
ld,r19,Z
cpi,r19,0xFF
brne,.+2
rjmp,.+148
movw,r28,r16
ld,r18,Y
cpi,r19,0x06
brcc,.+86
lds,r19,0x05E6
mov,r20,r19
andi,r20,0x07
cpse,r18,r20
rjmp,.+36
ld,r30,X
cpi,r30,0x05
brcs,.+2
add,r30,r30
lds,r24,0x0A01
com,r30
and,r30,r24
sts,0x0A01,r30
rjmp,.+106
std,Z+5,r18
rjmp,.-104
ldi,r31,0x00
ldi,r30,0x00
rjmp,.-78
ori,r18,0x08
rjmp,.-70
andi,r19,0x18
brne,.+26
cpi,r18,0x01
brne,.+30
ld,r30,X
cpi,r30,0x05
brcs,.+2
add,r30,r30
lds,r24,0x0A41
com,r30
and,r30,r24
sts,0x0A41,r30
rjmp,.+62
cpi,r19,0x18
brne,.+4
cpi,r18,0x06
breq,.-30
subi,r24,0xF4
sbci,r25,0xBF
movw,r30,r24
ld,r24,Z
sbrs,r24,5
rjmp,.+38
ldi,r19,0x10
mul,r24,r19
movw,r30,r0
eor,r1,r1
subi,r31,0xF7
ldd,r25,Z+1
andi,r25,0x07
cpi,r25,0x07
brne,.+24
ld,r30,X
cpi,r24,0x25
brcc,.+28
cpi,r24,0x20
brcc,.+38
cpi,r24,0x08
breq,.-72
cpi,r24,0x10
breq,.-120
rjmp,.+4
cpse,r24,r1
rjmp,.-24
pop,r29
pop,r28
pop,r17
pop,r16
ret
cpi,r24,0x40
breq,.+28
cpi,r24,0x80
brne,.-18
sts,0x06A0,r1
rjmp,.-24
ldi,r25,0x10
mul,r24,r25
movw,r30,r0
eor,r1,r1
subi,r31,0xF7
ldd,r24,Z+1
andi,r24,0xEF
std,Z+1,r24
rjmp,.-42
lds,r24,0x0B92
and,r24,r30
breq,.-50
ldi,r28,0x20
mul,r18,r28
movw,r18,r0
eor,r1,r1
subi,r19,0xFC
cpi,r30,0x08
brcc,.+76
subi,r18,0xF0
sbci,r19,0xFF
add,r30,r18
mov,r31,r19
adc,r31,r1
in,r20,0x3f
cli
lds,r25,0x0B80
andi,r25,0xFE
sts,0x0B80,r25
lds,r25,0x0B8E
sbrs,r25,0
rjmp,.-8
lds,r18,0x0B92
ldi,r25,0x00
com,r24
com,r25
ldi,r19,0x00
and,r24,r18
and,r25,r19
ldi,r18,0xD8
out,0x34,r18
sts,0x0B92,r24
lds,r24,0x0B80
ori,r24,0x01
sts,0x0B80,r24
ld,r24,Z
andi,r24,0x7F
st,Z,r24
out,0x3f,r20
rjmp,.-140
ldi,r31,0x00
ldi,r30,0x00
rjmp,.-72
push,r16
push,r17
push,r28
movw,r16,r24
mov,r28,r22
movw,r30,r24
ldd,r24,Z+35
ldi,r22,0x01
sbrs,r28,0
ldi,r22,0x00
rcall,.-430
movw,r30,r16
ldd,r24,Z+36
ldi,r22,0x01
sbrs,r28,1
ldi,r22,0x00
rcall,.-442
movw,r30,r16
ldd,r24,Z+37
ldi,r22,0x01
sbrs,r28,2
ldi,r22,0x00
rcall,.-454
movw,r30,r16
ldd,r24,Z+38
ldi,r22,0x01
sbrs,r28,3
ldi,r22,0x00
pop,r28
pop,r17
pop,r16
rjmp,.-472
push,r4
push,r5
push,r6
push,r7
push,r8
push,r9
push,r10
push,r11
push,r14
push,r15
push,r17
push,r28
push,r29
movw,r28,r24
movw,r14,r22
mov,r17,r20
ldd,r24,Y+32
ldi,r22,0x01
ldi,r25,0x01
cp,r14,r25
cpc,r15,r1
breq,.+2
ldi,r22,0x00
rcall,.-520
mov,r22,r17
ldi,r23,0x00
ldi,r24,0x04
asr,r23
ror,r22
dec,r24
brne,.-8
movw,r24,r28
rcall,.-130
ldd,r8,Y+28
ldd,r9,Y+29
ldd,r10,Y+30
ldd,r11,Y+31
ldd,r4,Y+24
ldd,r5,Y+25
ldd,r6,Y+26
ldd,r7,Y+27
rcall,.-1920
sub,r22,r4
sbc,r23,r5
sbc,r24,r6
sbc,r25,r7
cp,r22,r8
cpc,r23,r9
cpc,r24,r10
cpc,r25,r11
brcs,.-20
ldi,r22,0x01
ldd,r24,Y+34
rcall,.-580
ldi,r24,0x08
dec,r24
brne,.-4
ldi,r22,0x00
ldd,r24,Y+34
rcall,.-592
ldi,r25,0x02
cp,r14,r25
cpc,r15,r1
breq,.+26
mov,r22,r17
andi,r22,0x0F
movw,r24,r28
rcall,.-200
ldi,r22,0x01
ldd,r24,Y+34
rcall,.-614
ldi,r24,0x08
dec,r24
brne,.-4
ldi,r22,0x00
ldd,r24,Y+34
rcall,.-626
ldi,r25,0x00
ldi,r24,0x00
pop,r29
pop,r28
pop,r17
pop,r15
pop,r14
pop,r11
pop,r10
pop,r9
pop,r8
pop,r7
pop,r6
pop,r5
pop,r4
ret
push,r12
push,r13
push,r14
push,r15
push,r16
push,r17
push,r28
push,r29
mov,r20,r24
ldi,r22,0x02
ldi,r23,0x00
ldi,r24,0x66
ldi,r25,0x5E
rcall,.-214
movw,r16,r24
ldi,r28,0x66
ldi,r29,0x5E
ldd,r12,Y+20
ldd,r13,Y+21
ldd,r14,Y+22
ldd,r15,Y+23
rcall,.-2066
std,Y+24,r22
std,Y+25,r23
std,Y+26,r24
std,Y+27,r25
std,Y+28,r12
std,Y+29,r13
std,Y+30,r14
std,Y+31,r15
movw,r24,r16
pop,r29
pop,r28
pop,r17
pop,r16
pop,r15
pop,r14
pop,r13
pop,r12
ret
push,r8
push,r9
push,r10
push,r11
push,r12
push,r13
push,r14
push,r15
push,r16
push,r17
push,r28
push,r29
movw,r26,r24
adiw,r26,0x21
ld,r18,X
cpi,r18,0xFF
brne,.+2
rjmp,.+700
movw,r16,r22
movw,r28,r24
ldd,r12,Y+28
ldd,r13,Y+29
ldd,r14,Y+30
ldd,r15,Y+31
ldd,r8,Y+24
ldd,r9,Y+25
ldd,r10,Y+26
ldd,r11,Y+27
rcall,.-2160
sub,r22,r8
sbc,r23,r9
sbc,r24,r10
sbc,r25,r11
cp,r22,r12
cpc,r23,r13
cpc,r24,r14
cpc,r25,r15
brcs,.-20
ldd,r24,Y+35
cpi,r24,0x29
brcc,.+74
ldi,r25,0x00
movw,r30,r24
subi,r30,0x88
sbci,r31,0xBF
ld,r18,Z
cpi,r18,0xFF
breq,.+60
movw,r30,r24
subi,r30,0x5F
sbci,r31,0xBF
ld,r26,Z
ldi,r30,0x20
mul,r26,r30
movw,r26,r0
eor,r1,r1
subi,r27,0xFC
subi,r24,0xCB
sbci,r25,0xBF
movw,r30,r24
ld,r19,Z
ldi,r31,0x00
ldi,r30,0x00
cpi,r19,0x08
brcc,.+10
movw,r24,r26
adiw,r24,0x10
movw,r30,r24
add,r30,r19
adc,r31,r1
in,r25,0x3f
cli
adiw,r26,0x02
st,X,r18
ld,r24,Z
andi,r24,0xF7
st,Z,r24
out,0x3f,r25
ldd,r24,Y+36
cpi,r24,0x29
brcc,.+74
ldi,r25,0x00
movw,r30,r24
subi,r30,0x88
sbci,r31,0xBF
ld,r18,Z
cpi,r18,0xFF
breq,.+60
movw,r30,r24
subi,r30,0x5F
sbci,r31,0xBF
ld,r26,Z
ldi,r31,0x20
mul,r26,r31
movw,r26,r0
eor,r1,r1
subi,r27,0xFC
subi,r24,0xCB
sbci,r25,0xBF
movw,r30,r24
ld,r19,Z
ldi,r31,0x00
ldi,r30,0x00
cpi,r19,0x08
brcc,.+10
movw,r24,r26
adiw,r24,0x10
movw,r30,r24
add,r30,r19
adc,r31,r1
in,r25,0x3f
cli
adiw,r26,0x02
st,X,r18
ld,r24,Z
andi,r24,0xF7
st,Z,r24
out,0x3f,r25
ldd,r24,Y+37
cpi,r24,0x29
brcc,.+74
ldi,r25,0x00
movw,r30,r24
subi,r30,0x88
sbci,r31,0xBF
ld,r18,Z
cpi,r18,0xFF
breq,.+60
movw,r30,r24
subi,r30,0x5F
sbci,r31,0xBF
ld,r26,Z
ldi,r31,0x20
mul,r26,r31
movw,r26,r0
eor,r1,r1
subi,r27,0xFC
subi,r24,0xCB
sbci,r25,0xBF
movw,r30,r24
ld,r19,Z
ldi,r31,0x00
ldi,r30,0x00
cpi,r19,0x08
brcc,.+10
movw,r24,r26
adiw,r24,0x10
movw,r30,r24
add,r30,r19
adc,r31,r1
in,r25,0x3f
cli
adiw,r26,0x02
st,X,r18
ld,r24,Z
andi,r24,0xF7
st,Z,r24
out,0x3f,r25
ldd,r24,Y+38
cpi,r24,0x29
brcc,.+74
ldi,r25,0x00
movw,r30,r24
subi,r30,0x88
sbci,r31,0xBF
ld,r18,Z
cpi,r18,0xFF
breq,.+60
movw,r30,r24
subi,r30,0x5F
sbci,r31,0xBF
ld,r26,Z
ldi,r31,0x20
mul,r26,r31
movw,r26,r0
eor,r1,r1
subi,r27,0xFC
subi,r24,0xCB
sbci,r25,0xBF
movw,r30,r24
ld,r19,Z
ldi,r31,0x00
ldi,r30,0x00
cpi,r19,0x08
brcc,.+10
movw,r24,r26
adiw,r24,0x10
movw,r30,r24
add,r30,r19
adc,r31,r1
in,r25,0x3f
cli
adiw,r26,0x02
st,X,r18
ld,r24,Z
andi,r24,0xF7
st,Z,r24
out,0x3f,r25
ldd,r24,Y+32
ldi,r22,0x01
cpi,r16,0x01
cpc,r17,r1
breq,.+2
ldi,r22,0x00
rcall,.-1148
ldi,r22,0x01
ldd,r24,Y+33
rcall,.-1154
ldi,r22,0x01
ldd,r24,Y+34
rcall,.-1160
ldi,r31,0x08
dec,r31
brne,.-4
ldd,r24,Y+35
rcall,.-1224
ldi,r17,0x00
cpi,r24,0x01
brne,.+2
ldi,r17,0x10
ldd,r24,Y+36
rcall,.-1236
cpi,r24,0x01
brne,.+2
ori,r17,0x20
ldd,r24,Y+37
rcall,.-1246
cpi,r24,0x01
brne,.+2
ori,r17,0x40
ldd,r24,Y+38
rcall,.-1256
cpi,r24,0x01
brne,.+2
ori,r17,0x80
ldi,r22,0x00
ldd,r24,Y+34
rcall,.-1214
ldi,r19,0x08
dec,r19
brne,.-4
ldi,r22,0x01
ldd,r24,Y+34
rcall,.-1226
ldi,r24,0x08
dec,r24
brne,.-4
ldd,r24,Y+35
rcall,.-1290
cpi,r24,0x01
brne,.+2
ori,r17,0x01
ldd,r24,Y+36
rcall,.-1300
cpi,r24,0x01
brne,.+2
ori,r17,0x02
ldd,r24,Y+37
rcall,.-1310
cpi,r24,0x01
brne,.+2
ori,r17,0x04
ldd,r24,Y+38
rcall,.-1320
cpi,r24,0x01
brne,.+2
ori,r17,0x08
ldi,r22,0x00
ldd,r24,Y+34
rcall,.-1278
ldd,r24,Y+35
cpi,r24,0x29
brcc,.+34
ldi,r25,0x00
movw,r30,r24
subi,r30,0x88
sbci,r31,0xBF
ld,r18,Z
cpi,r18,0xFF
breq,.+20
subi,r24,0x5F
sbci,r25,0xBF
movw,r26,r24
ld,r30,X
ldi,r27,0x20
mul,r30,r27
movw,r30,r0
eor,r1,r1
subi,r31,0xFC
std,Z+1,r18
ldd,r24,Y+36
cpi,r24,0x29
brcc,.+34
ldi,r25,0x00
movw,r30,r24
subi,r30,0x88
sbci,r31,0xBF
ld,r18,Z
cpi,r18,0xFF
breq,.+20
subi,r24,0x5F
sbci,r25,0xBF
movw,r26,r24
ld,r30,X
ldi,r27,0x20
mul,r30,r27
movw,r30,r0
eor,r1,r1
subi,r31,0xFC
std,Z+1,r18
ldd,r24,Y+37
cpi,r24,0x29
brcc,.+34
ldi,r25,0x00
movw,r30,r24
subi,r30,0x88
sbci,r31,0xBF
ld,r18,Z
cpi,r18,0xFF
breq,.+20
subi,r24,0x5F
sbci,r25,0xBF
movw,r26,r24
ld,r30,X
ldi,r27,0x20
mul,r30,r27
movw,r30,r0
eor,r1,r1
subi,r31,0xFC
std,Z+1,r18
ldd,r24,Y+38
cpi,r24,0x29
brcc,.+34
ldi,r25,0x00
movw,r30,r24
subi,r30,0x88
sbci,r31,0xBF
ld,r18,Z
cpi,r18,0xFF
breq,.+20
subi,r24,0x5F
sbci,r25,0xBF
movw,r26,r24
ld,r30,X
ldi,r27,0x20
mul,r30,r27
movw,r30,r0
eor,r1,r1
subi,r31,0xFC
std,Z+1,r18
ldi,r22,0x00
ldd,r24,Y+33
rcall,.-1444
mov,r24,r17
ldi,r25,0x00
pop,r29
pop,r28
pop,r17
pop,r16
pop,r15
pop,r14
pop,r13
pop,r12
pop,r11
pop,r10
pop,r9
pop,r8
ret
ldi,r24,0xFD
ldi,r25,0xFF
rjmp,.-32
push,r12
push,r13
push,r14
push,r15
push,r16
push,r17
push,r28
push,r29
movw,r16,r24
movw,r26,r24
adiw,r26,0x20
ld,r24,X
cpi,r24,0x29
brcc,.+34
ldi,r25,0x00
movw,r30,r24
subi,r30,0x88
sbci,r31,0xBF
ld,r18,Z
cpi,r18,0xFF
breq,.+20
subi,r24,0x5F
sbci,r25,0xBF
movw,r26,r24
ld,r30,X
ldi,r27,0x20
mul,r30,r27
movw,r30,r0
eor,r1,r1
subi,r31,0xFC
std,Z+1,r18
movw,r30,r16
ldd,r24,Z+33
cpi,r24,0xFF
breq,.+44
cpi,r24,0x29
brcc,.+36
mov,r18,r24
ldi,r19,0x00
movw,r30,r18
subi,r30,0x88
sbci,r31,0xBF
ld,r25,Z
cpi,r25,0xFF
breq,.+20
subi,r18,0x5F
sbci,r19,0xBF
movw,r26,r18
ld,r30,X
ldi,r27,0x20
mul,r30,r27
movw,r30,r0
eor,r1,r1
subi,r31,0xFC
std,Z+1,r25
ldi,r22,0x00
rcall,.-1594
movw,r30,r16
ldd,r24,Z+34
cpi,r24,0x29
brcc,.+36
mov,r18,r24
ldi,r19,0x00
movw,r30,r18
subi,r30,0x88
sbci,r31,0xBF
ld,r25,Z
cpi,r25,0xFF
breq,.+20
subi,r18,0x5F
sbci,r19,0xBF
movw,r26,r18
ld,r30,X
ldi,r27,0x20
mul,r30,r27
movw,r30,r0
eor,r1,r1
subi,r31,0xFC
std,Z+1,r25
ldi,r22,0x00
rcall,.-1642
movw,r30,r16
ldd,r24,Z+35
cpi,r24,0x29
brcc,.+34
ldi,r25,0x00
movw,r30,r24
subi,r30,0x88
sbci,r31,0xBF
ld,r18,Z
cpi,r18,0xFF
breq,.+20
subi,r24,0x5F
sbci,r25,0xBF
movw,r26,r24
ld,r30,X
ldi,r27,0x20
mul,r30,r27
movw,r30,r0
eor,r1,r1
subi,r31,0xFC
std,Z+1,r18
movw,r30,r16
ldd,r24,Z+36
cpi,r24,0x29
brcc,.+34
ldi,r25,0x00
movw,r30,r24
subi,r30,0x88
sbci,r31,0xBF
ld,r18,Z
cpi,r18,0xFF
breq,.+20
subi,r24,0x5F
sbci,r25,0xBF
movw,r26,r24
ld,r30,X
ldi,r27,0x20
mul,r30,r27
movw,r30,r0
eor,r1,r1
subi,r31,0xFC
std,Z+1,r18
movw,r30,r16
ldd,r24,Z+37
cpi,r24,0x29
brcc,.+34
ldi,r25,0x00
movw,r30,r24
subi,r30,0x88
sbci,r31,0xBF
ld,r18,Z
cpi,r18,0xFF
breq,.+20
subi,r24,0x5F
sbci,r25,0xBF
movw,r26,r24
ld,r30,X
ldi,r27,0x20
mul,r30,r27
movw,r30,r0
eor,r1,r1
subi,r31,0xFC
std,Z+1,r18
movw,r30,r16
ldd,r24,Z+38
cpi,r24,0x29
brcc,.+34
ldi,r25,0x00
movw,r30,r24
subi,r30,0x88
sbci,r31,0xBF
ld,r18,Z
cpi,r18,0xFF
breq,.+20
subi,r24,0x5F
sbci,r25,0xBF
movw,r26,r24
ld,r30,X
ldi,r27,0x20
mul,r30,r27
movw,r30,r0
eor,r1,r1
subi,r31,0xFC
std,Z+1,r18
movw,r30,r16
ldd,r28,Z+39
cpi,r28,0xFF
brne,.+2
rjmp,.+276
ldd,r24,Z+40
cpi,r24,0x01
breq,.+2
rjmp,.+226
mov,r14,r28
mov,r15,r1
ldi,r22,0x00
mov,r24,r28
rcall,.-1838
cpi,r28,0x29
brcs,.+2
rjmp,.+286
movw,r24,r14
subi,r24,0x88
sbci,r25,0xBF
movw,r12,r24
movw,r26,r24
ld,r24,X
cpi,r24,0xFF
breq,.+60
movw,r30,r14
subi,r30,0x5F
sbci,r31,0xBF
ld,r26,Z
ldi,r30,0x20
mul,r26,r30
movw,r26,r0
eor,r1,r1
subi,r27,0xFC
movw,r30,r14
subi,r30,0xCB
sbci,r31,0xBF
ld,r30,Z
cpi,r30,0x08
brcs,.+2
rjmp,.+226
movw,r18,r26
subi,r18,0xF0
sbci,r19,0xFF
add,r30,r18
mov,r31,r19
adc,r31,r1
in,r25,0x3f
cli
adiw,r26,0x02
st,X,r24
ld,r24,Z
andi,r24,0xF7
st,Z,r24
out,0x3f,r25
movw,r30,r12
ld,r24,Z
cpi,r24,0xFF
breq,.+20
movw,r30,r14
subi,r30,0x5F
sbci,r31,0xBF
ld,r30,Z
ldi,r18,0x20
mul,r30,r18
movw,r30,r0
eor,r1,r1
subi,r31,0xFC
std,Z+1,r24
ldi,r22,0x01
mov,r24,r28
rcall,.-1954
ldi,r24,0x28
dec,r24
brne,.-4
mov,r24,r28
rcall,.-2018
mov,r29,r24
ldi,r22,0x00
mov,r24,r28
rcall,.-1972
cpi,r28,0x29
brcc,.+66
movw,r26,r12
ld,r24,X
cpi,r24,0xFF
breq,.+58
movw,r30,r14
subi,r30,0x5F
sbci,r31,0xBF
ld,r26,Z
ldi,r30,0x20
mul,r26,r30
movw,r26,r0
eor,r1,r1
subi,r27,0xFC
movw,r30,r14
subi,r30,0xCB
sbci,r31,0xBF
ld,r30,Z
cpi,r30,0x08
brcc,.+110
movw,r18,r26
subi,r18,0xF0
sbci,r19,0xFF
add,r30,r18
mov,r31,r19
adc,r31,r1
in,r25,0x3f
cli
adiw,r26,0x02
st,X,r24
ld,r24,Z
andi,r24,0xF7
st,Z,r24
out,0x3f,r25
cpi,r29,0x01
breq,.+8
ldi,r24,0xFE
movw,r26,r16
adiw,r26,0x28
st,X,r24
movw,r30,r16
ldd,r24,Z+39
cpi,r24,0x29
brcc,.+34
ldi,r25,0x00
movw,r30,r24
subi,r30,0x88
sbci,r31,0xBF
ld,r18,Z
cpi,r18,0xFF
breq,.+20
subi,r24,0x5F
sbci,r25,0xBF
movw,r26,r24
ld,r30,X
ldi,r27,0x20
mul,r30,r27
movw,r30,r0
eor,r1,r1
subi,r31,0xFC
std,Z+1,r18
ldi,r25,0x00
ldi,r24,0x00
pop,r29
pop,r28
pop,r17
pop,r16
pop,r15
pop,r14
pop,r13
pop,r12
ret
ldi,r31,0x00
ldi,r30,0x00
rjmp,.-220
ldi,r31,0x00
ldi,r30,0x00
rjmp,.-104
ldi,r22,0x01
mov,r24,r28
rcall,.-2136
ldi,r31,0x28
dec,r31
brne,.-4
mov,r24,r28
rcall,.-2200
mov,r29,r24
ldi,r22,0x00
mov,r24,r28
rcall,.-2154
rjmp,.-114
push,r28
push,r29
cpi,r24,0x29
brcs,.+2
rjmp,.+132
mov,r20,r24
ldi,r21,0x00
movw,r30,r20
subi,r30,0x88
sbci,r31,0xBF
ld,r25,Z
cpi,r25,0xFF
breq,.+116
movw,r30,r20
subi,r30,0x5F
sbci,r31,0xBF
ld,r19,Z
ldi,r18,0x20
mul,r19,r18
movw,r26,r0
eor,r1,r1
subi,r27,0xFC
adiw,r26,0x01
st,X,r25
sbiw,r26,0x01
movw,r30,r20
subi,r30,0xF4
sbci,r31,0xBF
ld,r30,Z
cpi,r30,0x80
brne,.+2
rjmp,.+428
cp,r22,r1
cpc,r23,r1
brne,.+8
ldi,r22,0x00
pop,r29
pop,r28
rjmp,.-2234
cpi,r22,0xFF
cpc,r23,r1
brne,.+4
ldi,r22,0x01
rjmp,.-16
cpi,r25,0x40
brcs,.+2
rjmp,.+406
lds,r18,0x05E6
mov,r31,r18
andi,r31,0x07
cpse,r31,r19
rjmp,.+52
ldi,r30,0x00
cpi,r25,0x05
brcs,.+4
add,r25,r25
ldi,r30,0x01
mov,r24,r25
andi,r24,0x44
breq,.+26
subi,r30,0xFC
ldi,r31,0x00
subi,r30,0xD8
sbci,r31,0xF5
st,Z,r22
lds,r24,0x0A01
or,r25,r24
sts,0x0A01,r25
pop,r29
pop,r28
ret
mov,r24,r25
andi,r24,0x22
breq,.-30
subi,r30,0xFE
rjmp,.-34
andi,r18,0x18
cpi,r19,0x06
brne,.+42
cpi,r18,0x18
brne,.+46
ldi,r30,0x00
cpi,r25,0x05
brcs,.+4
add,r25,r25
ldi,r30,0x01
mov,r24,r25
andi,r24,0x44
breq,.+54
subi,r30,0xFC
ldi,r31,0x00
subi,r30,0x98
sbci,r31,0xF5
st,Z,r22
lds,r24,0x0A41
or,r25,r24
sts,0x0A41,r25
rjmp,.-64
cpi,r19,0x01
brne,.+4
and,r18,r18
breq,.-46
cpi,r30,0x40
breq,.+78
brcc,.+28
ldi,r25,0xE0
add,r25,r30
cpi,r25,0x05
brcs,.+36
cpi,r22,0x80
cpc,r23,r1
brlt,.+2
rjmp,.-152
rjmp,.-168
mov,r24,r25
andi,r24,0x22
breq,.-58
subi,r30,0xFE
rjmp,.-62
cpi,r30,0x80
brne,.-24
sts,0x06A3,r22
ldi,r24,0x41
sts,0x06A0,r24
rjmp,.-122
ldi,r25,0x10
mul,r30,r25
movw,r30,r0
eor,r1,r1
subi,r31,0xF7
ldd,r25,Z+1
andi,r25,0x07
cpi,r25,0x07
brne,.-54
ldd,r24,Z+12
std,Z+12,r24
std,Z+13,r22
ldd,r24,Z+1
ori,r24,0x10
std,Z+1,r24
rjmp,.-154
cp,r22,r1
cpc,r23,r1
breq,.+6
cpi,r22,0xFF
cpc,r23,r1
breq,.+4
ldi,r24,0x00
rjmp,.+6
ldi,r24,0x01
ldi,r23,0x00
ldi,r22,0x00
ldi,r18,0xFF
ldi,r19,0x00
sub,r18,r22
sbc,r19,r23
lds,r22,0x0BAE
lds,r22,0x0BAF
and,r22,r22
breq,.+8
cpi,r22,0x03
brcc,.+110
add,r18,r18
adc,r19,r19
sbiw,r26,0x00
breq,.+112
subi,r20,0xCB
sbci,r21,0xBF
movw,r28,r20
ld,r30,Y
cpi,r30,0x08
brcc,.+100
adiw,r26,0x10
add,r30,r26
mov,r31,r27
adc,r31,r1
in,r20,0x3f
cli
subi,r18,0x01
sbc,r19,r1
mov,r21,r25
andi,r21,0xAA
breq,.+84
sts,0x0BAC,r18
sts,0x0BAD,r19
lds,r18,0x0B92
and,r18,r25
brne,.+78
lds,r19,0x0B80
mov,r18,r19
andi,r18,0xFE
sts,0x0B80,r18
lds,r18,0x0B8E
sbrs,r18,0
rjmp,.-8
lds,r18,0x0B92
or,r25,r18
ldi,r18,0xD8
out,0x34,r18
sts,0x0B92,r25
sts,0x0B80,r19
cpse,r24,r1
rjmp,.+44
ld,r24,Z
andi,r24,0x7F
st,Z,r24
out,0x3f,r20
rjmp,.-310
add,r18,r18
adc,r19,r19
add,r18,r18
adc,r19,r19
rjmp,.-116
ldi,r31,0x00
ldi,r30,0x00
rjmp,.-98
sts,0x0BA8,r18
sts,0x0BA9,r19
rjmp,.-86
ldi,r25,0x01
sts,0x0B84,r25
rjmp,.-48
ld,r24,Z
ori,r24,0x80
rjmp,.-46
cpi,r25,0x40
brcc,.+2
rjmp,.-404
rjmp,.-248
cpi,r30,0x20
brcc,.+2
rjmp,.-278
cpi,r30,0x25
brcc,.+2
rjmp,.-248
cpi,r30,0x40
brne,.+2
rjmp,.-210
rjmp,.-292
push,r28
push,r29
movw,r30,r24
ldd,r24,Z+39
cpi,r24,0xFF
brne,.+2
rjmp,.+202
ldd,r25,Z+40
cpi,r25,0xFE
breq,.+2
rjmp,.+132
mov,r18,r24
ldi,r19,0x00
and,r22,r22
breq,.+86
cpi,r24,0x29
brcc,.+70
movw,r30,r18
subi,r30,0x88
sbci,r31,0xBF
ld,r24,Z
cpi,r24,0xFF
breq,.+58
movw,r30,r18
subi,r30,0x5F
sbci,r31,0xBF
ld,r26,Z
ldi,r20,0x20
mul,r26,r20
movw,r26,r0
eor,r1,r1
subi,r27,0xFC
subi,r18,0xCB
sbci,r19,0xBF
movw,r28,r18
ld,r30,Y
cpi,r30,0x08
brcc,.+34
movw,r18,r26
subi,r18,0xF0
sbci,r19,0xFF
add,r30,r18
mov,r31,r19
adc,r31,r1
in,r25,0x3f
cli
adiw,r26,0x02
st,X,r24
ld,r24,Z
andi,r24,0xF7
st,Z,r24
out,0x3f,r25
ldi,r25,0x00
ldi,r24,0x00
rjmp,.+110
ldi,r31,0x00
ldi,r30,0x00
rjmp,.-28
cpi,r24,0x29
brcc,.-16
movw,r30,r18
subi,r30,0x88
sbci,r31,0xBF
ld,r24,Z
cpi,r24,0xFF
breq,.-28
subi,r18,0x5F
sbci,r19,0xBF
movw,r26,r18
ld,r30,X
ldi,r27,0x20
mul,r30,r27
movw,r30,r0
eor,r1,r1
subi,r31,0xFC
std,Z+1,r24
rjmp,.-50
ldi,r18,0xDA
add,r18,r24
cpi,r18,0x02
brcs,.+8
ldi,r18,0xFC
add,r18,r24
cpi,r18,0x10
brcc,.+24
ldi,r23,0x00
cpi,r25,0x01
brne,.+4
rcall,.-698
rjmp,.-76
ldi,r18,0xFF
ldi,r19,0x00
movw,r28,r18
sub,r28,r22
sbc,r29,r23
movw,r22,r28
rjmp,.-18
and,r22,r22
breq,.+10
cpi,r25,0x01
brne,.+10
ldi,r22,0x01
rcall,.-2882
rjmp,.-104
and,r25,r25
breq,.-10
ldi,r22,0x00
rjmp,.-12
ldi,r24,0xFD
ldi,r25,0xFF
pop,r29
pop,r28
ret
push,r8
push,r9
push,r10
push,r11
push,r12
push,r13
push,r14
push,r15
movw,r8,r22
movw,r10,r24
cp,r8,r18
cpc,r9,r19
cpc,r10,r20
cpc,r11,r21
brge,.+38
movw,r12,r18
movw,r14,r20
sub,r12,r8
sbc,r13,r9
sbc,r14,r10
sbc,r15,r11
breq,.+16
call,0x427c
movw,r20,r14
movw,r18,r12
call,0x4326
movw,r12,r22
movw,r14,r24
add,r8,r12
adc,r9,r13
adc,r10,r14
adc,r11,r15
movw,r24,r10
movw,r22,r8
pop,r15
pop,r14
pop,r13
pop,r12
pop,r11
pop,r10
pop,r9
pop,r8
ret
push,r12
push,r13
push,r14
push,r15
push,r16
push,r17
push,r28
push,r29
rcall,.-3758
mov,r30,r24
ldi,r31,0x00
subi,r30,0xB0
sbci,r31,0xF6
lpm,r28,Z
rcall,.-3704
movw,r16,r24
rcall,.-3756
add,r24,r16
adc,r25,r17
mul,r28,r24
movw,r12,r0
mul,r28,r25
add,r13,r0
eor,r1,r1
ldi,r17,0x00
ldi,r16,0x00
ldi,r29,0x00
ldi,r28,0x00
mov,r0,r13
add,r0,r0
sbc,r14,r14
sbc,r15,r15
movw,r20,r14
movw,r18,r12
ldi,r22,0x00
ldi,r23,0x00
movw,r24,r22
rcall,.-166
movw,r24,r22
movw,r30,r16
asr,r31
ror,r30
subi,r30,0x7D
sbci,r31,0xBE
st,Z,r22
movw,r18,r28
asr,r19
ror,r18
movw,r30,r18
add,r30,r30
adc,r31,r31
add,r30,r18
adc,r31,r19
subi,r30,0x7B
sbci,r31,0xBE
sbrs,r28,0
rjmp,.+50
ldi,r18,0x04
lsr,r25
ror,r24
dec,r18
brne,.-8
andi,r24,0xF0
ld,r25,Z
and,r24,r25
st,Z,r24
adiw,r28,0x01
subi,r16,0xFD
sbci,r17,0xFF
cpi,r28,0xB0
ldi,r24,0x04
cpc,r29,r24
brne,.-82
pop,r29
pop,r28
pop,r17
pop,r16
pop,r15
pop,r14
pop,r13
pop,r12
ret
st,Z,r23
rjmp,.-36
movw,r30,r22
ld,r0,Z+
and,r0,r0
brne,.-6
sbiw,r30,0x01
movw,r20,r30
sub,r20,r22
sbc,r21,r23
movw,r26,r24
ld,r30,X+
ld,r31,X
ldd,r0,Z+2
ldd,r31,Z+3
mov,r30,r0
ijmp
push,r8
push,r9
push,r10
push,r11
push,r14
push,r15
push,r16
push,r17
push,r28
push,r29
in,r28,0x3d
in,r29,0x3e
sbiw,r28,0x21
out,0x3d,r28
out,0x3e,r29
movw,r14,r24
movw,r30,r20
movw,r24,r22
std,Y+33,r1
cpi,r18,0x02
brcc,.+2
ldi,r18,0x0A
movw,r16,r28
subi,r16,0xDF
sbci,r17,0xFF
mov,r8,r18
mov,r9,r1
mov,r11,r1
mov,r10,r1
movw,r22,r30
movw,r20,r10
movw,r18,r8
call,0x437e
movw,r30,r18
movw,r24,r20
cpi,r22,0x0A
brge,.+58
subi,r22,0xD0
movw,r26,r16
st,-X,r22
movw,r16,r26
or,r18,r19
or,r18,r20
or,r18,r21
brne,.-34
ldi,r25,0x00
ldi,r24,0x00
sbiw,r26,0x00
breq,.+6
movw,r22,r26
movw,r24,r14
rcall,.-136
adiw,r28,0x21
out,0x3d,r28
out,0x3e,r29
pop,r29
pop,r28
pop,r17
pop,r16
pop,r15
pop,r14
pop,r11
pop,r10
pop,r9
pop,r8
ret
subi,r22,0xC9
rjmp,.-60
push,r4
push,r5
push,r6
push,r7
push,r8
push,r9
push,r10
push,r11
push,r12
push,r13
push,r14
push,r15
push,r16
push,r17
push,r28
movw,r12,r22
movw,r14,r24
mov,r7,r20
movw,r20,r24
movw,r18,r22
call,0x480c
ldi,r22,0xF6
ldi,r23,0x40
cpse,r24,r1
rjmp,.+76
movw,r8,r12
movw,r10,r14
clt
bld,r11,7
ldi,r18,0xFF
ldi,r19,0xFF
ldi,r20,0x7F
ldi,r21,0x7F
movw,r24,r10
movw,r22,r8
call,0x480c
cpse,r24,r1
rjmp,.+24
ldi,r18,0xFF
ldi,r19,0xFF
ldi,r20,0x7F
ldi,r21,0x7F
movw,r24,r10
movw,r22,r8
call,0x44aa
ldi,r22,0xFA
ldi,r23,0x40
cp,r1,r24
brlt,.+24
ldi,r18,0xFF
ldi,r19,0xFF
ldi,r20,0x7F
ldi,r21,0x4F
movw,r24,r14
movw,r22,r12
call,0x473e
cp,r1,r24
brge,.+40
ldi,r22,0xFE
ldi,r23,0x40
ldi,r24,0xAC
ldi,r25,0x4F
pop,r28
pop,r17
pop,r16
pop,r15
pop,r14
pop,r13
pop,r12
pop,r11
pop,r10
pop,r9
pop,r8
pop,r7
pop,r6
pop,r5
pop,r4
rjmp,.-332
ldi,r18,0xFF
ldi,r19,0xFF
ldi,r20,0x7F
ldi,r21,0xCF
movw,r24,r14
movw,r22,r12
call,0x44aa
sbrc,r24,7
rjmp,.-60
ldi,r18,0x00
ldi,r19,0x00
movw,r20,r18
movw,r24,r14
movw,r22,r12
call,0x44aa
ldi,r17,0x00
ldi,r16,0x00
sbrs,r24,7
rjmp,.+20
ldi,r22,0x2D
ldi,r24,0xAC
ldi,r25,0x4F
call,0xa14
movw,r16,r24
bst,r15,7
com,r15
bld,r15,7
com,r15
ldi,r28,0x00
ldi,r22,0x00
ldi,r23,0x00
ldi,r24,0x00
ldi,r25,0x3F
cp,r7,r28
breq,.+16
ldi,r18,0x00
ldi,r19,0x00
ldi,r20,0x20
ldi,r21,0x41
call,0x44b2
subi,r28,0xFF
rjmp,.-20
movw,r20,r14
movw,r18,r12
call,0x43e2
movw,r4,r22
movw,r6,r24
call,0x4582
movw,r8,r22
movw,r10,r24
ldi,r18,0x0A
movw,r22,r24
movw,r20,r8
ldi,r24,0xAC
ldi,r25,0x4F
rcall,.-426
movw,r14,r24
add,r14,r16
adc,r15,r17
and,r28,r28
breq,.+114
movw,r24,r10
movw,r22,r8
call,0x45da
movw,r18,r22
movw,r20,r24
movw,r24,r6
movw,r22,r4
call,0x43e0
movw,r8,r22
movw,r10,r24
ldi,r22,0x02
ldi,r23,0x41
ldi,r24,0xAC
ldi,r25,0x4F
rcall,.-500
add,r14,r24
adc,r15,r25
subi,r28,0x01
brcs,.+72
ldi,r18,0x00
ldi,r19,0x00
ldi,r20,0x20
ldi,r21,0x41
movw,r24,r10
movw,r22,r8
call,0x4746
movw,r4,r22
movw,r6,r24
call,0x4582
movw,r8,r22
mov,r11,r1
mov,r10,r1
ldi,r18,0x0A
movw,r22,r10
movw,r20,r8
ldi,r24,0xAC
ldi,r25,0x4F
rcall,.-520
add,r14,r24
adc,r15,r25
movw,r24,r10
movw,r22,r8
call,0x45da
movw,r18,r22
movw,r20,r24
movw,r24,r6
movw,r22,r4
call,0x43e0
movw,r8,r22
movw,r10,r24
rjmp,.-76
movw,r24,r14
pop,r28
pop,r17
pop,r16
pop,r15
pop,r14
pop,r13
pop,r12
pop,r11
pop,r10
pop,r9
pop,r8
pop,r7
pop,r6
pop,r5
pop,r4
ret
push,r2
push,r3
push,r4
push,r5
push,r6
push,r7
push,r8
push,r9
push,r10
push,r11
push,r12
push,r13
push,r14
push,r15
push,r16
push,r17
push,r28
push,r29
in,r28,0x3d
in,r29,0x3e
sbiw,r28,0x0a
out,0x3d,r28
out,0x3e,r29
movw,r2,r24
std,Y+5,r22
std,Y+6,r23
std,Y+7,r20
std,Y+8,r21
movw,r4,r16
movw,r6,r18
call,0x113c
movw,r10,r24
call,0x110c
movw,r12,r24
call,0x10fa
std,Y+1,r24
lds,r24,0x4007
cpi,r24,0x04
breq,.+2
rjmp,.+224
ldi,r24,0x02
ldi,r25,0x00
subi,r24,0x61
sbci,r25,0xB0
movw,r30,r24
ld,r24,Z
and,r24,r24
brne,.+2
rjmp,.+212
ldi,r24,0x00
ldi,r25,0x00
movw,r26,r24
ldd,r31,Y+1
mov,r18,r31
ldi,r19,0x00
movw,r20,r18
subi,r20,0xB0
sbci,r21,0xF6
movw,r14,r20
movw,r30,r20
lpm,r20,Z
movw,r22,r24
movw,r24,r26
add,r22,r4
adc,r23,r5
adc,r24,r6
adc,r25,r7
movw,r16,r10
add,r16,r12
adc,r17,r13
mul,r20,r16
movw,r18,r0
mul,r20,r17
add,r19,r0
eor,r1,r1
ldi,r21,0x00
ldi,r20,0x00
call,0x437e
movw,r18,r16
ldi,r21,0x00
ldi,r20,0x00
call,0x437e
mov,r26,r18
ldi,r27,0x00
ldd,r20,Y+1
ldi,r30,0x18
mul,r20,r30
movw,r20,r0
eor,r1,r1
std,Y+9,r20
std,Y+10,r21
movw,r30,r20
ldi,r21,0x03
mul,r18,r21
add,r30,r0
adc,r31,r1
eor,r1,r1
movw,r16,r30
subi,r16,0xCD
sbci,r17,0xFA
movw,r20,r30
subi,r20,0xCC
sbci,r21,0xFA
std,Y+1,r20
std,Y+2,r21
movw,r20,r30
subi,r20,0xCB
sbci,r21,0xFA
std,Y+3,r20
std,Y+4,r21
cp,r22,r10
cpc,r23,r11
brcc,.+90
movw,r30,r16
lpm,r16,Z
movw,r30,r2
st,Z,r16
ldd,r30,Y+1
ldd,r31,Y+2
lpm,r17,Z
ldd,r30,Y+5
ldd,r31,Y+6
st,Z,r17
movw,r30,r20
lpm,r22,Z
ldd,r30,Y+7
ldd,r31,Y+8
st,Z,r22
adiw,r28,0x0a
out,0x3d,r28
out,0x3e,r29
pop,r29
pop,r28
pop,r17
pop,r16
pop,r15
pop,r14
pop,r13
pop,r12
pop,r11
pop,r10
pop,r9
pop,r8
pop,r7
pop,r6
pop,r5
pop,r4
pop,r3
pop,r2
ret
ldi,r24,0x03
ldi,r25,0x00
rjmp,.-226
ldi,r24,0xB0
ldi,r25,0x04
ldi,r26,0x00
ldi,r27,0x00
rjmp,.-216
movw,r20,r22
sub,r20,r10
sbc,r21,r11
movw,r30,r14
lpm,r14,Z
movw,r24,r26
adiw,r24,0x01
eor,r11,r11
inc,r11
add,r11,r18
cp,r14,r24
cpc,r1,r25
breq,.+2
brge,.+2
mov,r11,r1
movw,r22,r20
ldi,r25,0x00
ldi,r24,0x00
call,0x45da
movw,r4,r22
movw,r6,r24
movw,r22,r12
ldi,r25,0x00
ldi,r24,0x00
call,0x45da
movw,r18,r22
movw,r20,r24
movw,r24,r6
movw,r22,r4
call,0x44b2
movw,r12,r22
movw,r14,r24
ldi,r18,0xC5
ldi,r19,0x20
ldi,r20,0x80
ldi,r21,0x3F
call,0x473e
cp,r1,r24
brge,.+38
ldi,r22,0x19
ldi,r23,0x05
ldi,r24,0xAC
ldi,r25,0x4F
call,0xa22
ldi,r20,0x02
movw,r24,r14
movw,r22,r12
rcall,.-880
ldi,r22,0x04
ldi,r23,0x41
ldi,r24,0xAC
ldi,r25,0x4F
rcall,.-1058
ldi,r24,0xAC
ldi,r25,0x4F
call,0xe66
ldd,r18,Y+9
ldd,r19,Y+10
ldi,r20,0x03
mul,r11,r20
add,r18,r0
adc,r19,r1
eor,r1,r1
std,Y+9,r18
std,Y+10,r19
movw,r30,r18
subi,r30,0xCD
sbci,r31,0xFA
lpm,r7,Z
movw,r30,r16
lpm,r16,Z
movw,r20,r14
movw,r18,r12
ldi,r22,0x00
ldi,r23,0x00
ldi,r24,0x80
ldi,r25,0x3F
call,0x43e0
movw,r8,r22
movw,r10,r24
mov,r22,r7
ldi,r23,0x00
ldi,r25,0x00
ldi,r24,0x00
call,0x45de
movw,r20,r14
movw,r18,r12
call,0x4746
ldi,r18,0x00
ldi,r19,0x00
ldi,r20,0x00
ldi,r21,0x3F
call,0x43e2
movw,r4,r22
movw,r6,r24
mov,r22,r16
ldi,r23,0x00
ldi,r25,0x00
ldi,r24,0x00
call,0x45de
movw,r20,r10
movw,r18,r8
call,0x4746
movw,r18,r22
movw,r20,r24
movw,r24,r6
movw,r22,r4
call,0x43e2
call,0x4582
movw,r30,r2
st,Z,r22
ldd,r30,Y+9
ldd,r31,Y+10
subi,r30,0xCC
sbci,r31,0xFA
lpm,r22,Z
ldd,r30,Y+1
ldd,r31,Y+2
lpm,r17,Z
ldi,r23,0x00
ldi,r25,0x00
ldi,r24,0x00
call,0x45de
movw,r20,r14
movw,r18,r12
call,0x4746
ldi,r18,0x00
ldi,r19,0x00
ldi,r20,0x00
ldi,r21,0x3F
call,0x43e2
movw,r4,r22
movw,r6,r24
mov,r22,r17
ldi,r23,0x00
ldi,r25,0x00
ldi,r24,0x00
call,0x45de
movw,r20,r10
movw,r18,r8
call,0x4746
movw,r18,r22
movw,r20,r24
movw,r24,r6
movw,r22,r4
call,0x43e2
call,0x4582
ldd,r30,Y+5
ldd,r31,Y+6
st,Z,r22
ldd,r18,Y+9
ldd,r19,Y+10
subi,r18,0xCB
sbci,r19,0xFA
movw,r30,r18
lpm,r31,Z
std,Y+1,r31
ldd,r30,Y+3
ldd,r31,Y+4
lpm,r31,Z
std,Y+3,r31
ldd,r18,Y+1
mov,r22,r18
ldi,r23,0x00
ldi,r25,0x00
ldi,r24,0x00
call,0x45de
movw,r20,r14
movw,r18,r12
call,0x4746
ldi,r18,0x00
ldi,r19,0x00
ldi,r20,0x00
ldi,r21,0x3F
call,0x43e2
movw,r12,r22
movw,r14,r24
ldd,r19,Y+3
mov,r22,r19
ldi,r23,0x00
ldi,r25,0x00
ldi,r24,0x00
call,0x45de
movw,r20,r10
movw,r18,r8
call,0x4746
movw,r18,r22
movw,r20,r24
movw,r24,r14
movw,r22,r12
call,0x43e2
call,0x4582
rjmp,.-508
push,r16
push,r17
push,r28
push,r29
rcall,.+0
push,r1
in,r28,0x3d
in,r29,0x3e
lds,r16,0x4F93
lds,r17,0x4F94
lds,r18,0x4F95
lds,r19,0x4F96
movw,r20,r28
subi,r20,0xFD
sbci,r21,0xFF
movw,r22,r28
subi,r22,0xFE
sbci,r23,0xFF
movw,r24,r28
adiw,r24,0x01
rcall,.-820
lds,r24,0x4007
cpi,r24,0x04
breq,.+38
ldi,r24,0x03
ldi,r25,0x00
subi,r24,0x61
sbci,r25,0xB0
movw,r30,r24
ld,r18,Z
ldd,r20,Y+3
ldd,r22,Y+2
ldd,r24,Y+1
call,0x12f8
adiw,r28,0x03
out,0x3d,r28
out,0x3e,r29
pop,r29
pop,r28
pop,r17
pop,r16
ret
ldi,r24,0x02
ldi,r25,0x00
rjmp,.-40
push,r8
push,r9
push,r10
push,r11
push,r12
push,r13
push,r14
push,r15
push,r16
push,r17
push,r28
push,r29
ldi,r16,0x8B
ldi,r17,0x48
ldi,r29,0x00
ldi,r28,0x00
call,0x110c
cp,r28,r24
cpc,r29,r25
brcs,.+2
rjmp,.+130
call,0x110c
movw,r14,r24
movw,r22,r28
ldi,r25,0x00
ldi,r24,0x00
call,0x45da
movw,r8,r22
movw,r10,r24
movw,r22,r14
ldi,r25,0x00
ldi,r24,0x00
call,0x45da
movw,r18,r22
movw,r20,r24
movw,r24,r10
movw,r22,r8
call,0x44b2
movw,r12,r22
movw,r14,r24
ldi,r18,0xC5
ldi,r19,0x20
ldi,r20,0x80
ldi,r21,0x3F
call,0x473e
cp,r1,r24
brge,.+38
ldi,r22,0xDF
ldi,r23,0x04
ldi,r24,0xAC
ldi,r25,0x4F
call,0xa22
ldi,r20,0x02
movw,r24,r14
movw,r22,r12
rcall,.-1444
ldi,r22,0x04
ldi,r23,0x41
ldi,r24,0xAC
ldi,r25,0x4F
rcall,.-1622
ldi,r24,0xAC
ldi,r25,0x4F
call,0xe66
ldi,r18,0x00
ldi,r19,0x80
ldi,r20,0x7F
ldi,r21,0x43
movw,r24,r14
movw,r22,r12
call,0x4746
call,0x4582
movw,r30,r16
st,Z+,r22
movw,r16,r30
adiw,r28,0x01
rjmp,.-142
pop,r29
pop,r28
pop,r17
pop,r16
pop,r15
pop,r14
pop,r13
pop,r12
pop,r11
pop,r10
pop,r9
pop,r8
ret
call,0x486c
push,r10
push,r11
push,r12
push,r13
push,r14
push,r15
push,r16
push,r17
push,r28
push,r29
sts,0x4007,r24
ldi,r24,0x10
ldi,r25,0x0E
ldi,r30,0x83
ldi,r31,0x41
movw,r26,r30
movw,r18,r24
st,X+,r1
subi,r18,0x01
sbci,r19,0x00
brne,.-8
ldi,r30,0x43
ldi,r31,0x50
movw,r26,r30
movw,r18,r24
st,X+,r1
subi,r18,0x01
sbci,r19,0x00
brne,.-8
ldi,r24,0x9F
mov,r10,r24
ldi,r24,0x4F
mov,r11,r24
ldi,r16,0x97
ldi,r17,0x4F
ldi,r29,0x00
ldi,r28,0x00
lds,r24,0x4007
ldi,r19,0x08
mul,r24,r19
movw,r24,r0
eor,r1,r1
add,r24,r28
adc,r25,r29
movw,r30,r24
subi,r30,0x79
sbci,r31,0xFB
lpm,r18,Z
cpi,r18,0xFF
breq,.+2
rjmp,.+204
movw,r30,r24
subi,r30,0xC5
sbci,r31,0xF9
lpm,r30,Z
mov,r12,r30
mov,r13,r1
mov,r15,r1
mov,r14,r1
cp,r12,r1
cpc,r13,r1
cpc,r14,r1
cpc,r15,r1
breq,.+14
call,0x427c
movw,r20,r14
movw,r18,r12
call,0x4326
movw,r12,r22
movw,r30,r28
subi,r30,0x69
sbci,r31,0xB0
st,Z,r12
lds,r24,0x4007
ldi,r27,0x08
mul,r24,r27
movw,r24,r0
eor,r1,r1
add,r24,r28
adc,r25,r29
movw,r30,r24
subi,r30,0x79
sbci,r31,0xFB
lpm,r30,Z
cpi,r30,0xFF
breq,.+2
rjmp,.+134
movw,r30,r24
subi,r30,0xA5
sbci,r31,0xF6
lpm,r30,Z
mov,r12,r30
mov,r13,r1
mov,r15,r1
mov,r14,r1
cp,r12,r1
cpc,r13,r1
cpc,r14,r1
cpc,r15,r1
breq,.+14
call,0x427c
movw,r20,r14
movw,r18,r12
call,0x4326
movw,r12,r22
movw,r30,r28
subi,r30,0x61
sbci,r31,0xB0
st,Z,r12
adiw,r28,0x01
ldi,r27,0xFF
sub,r10,r27
sbc,r11,r27
subi,r16,0xFF
sbci,r17,0xFF
cpi,r28,0x08
cpc,r29,r1
breq,.+2
rjmp,.-176
lds,r24,0x4007
cpi,r24,0x0A
brne,.+4
rcall,.-466
rcall,.-2122
sts,0x4F93,r1
sts,0x4F94,r1
sts,0x4F95,r1
sts,0x4F96,r1
sts,0x4175,r1
sts,0x4174,r1
pop,r29
pop,r28
pop,r17
pop,r16
pop,r15
pop,r14
pop,r13
pop,r12
pop,r11
pop,r10
ret
lpm,r30,Z
movw,r26,r16
st,X,r30
rjmp,.-164
movw,r30,r24
subi,r30,0xD1
sbci,r31,0xFB
lpm,r30,Z
movw,r26,r10
st,X,r30
rjmp,.-100
push,r30
push,r31
ldi,r30,0xAC
ldi,r31,0x4F
rjmp,.+16
push,r30
push,r31
ldi,r30,0xAC
ldi,r31,0x4F
rjmp,.+100
push,r30
ldi,r30,0x00
rjmp,.+166
push,r18
in,r18,0x3f
push,r18
push,r24
push,r25
push,r26
push,r27
set
push,r28
push,r29
ldi,r18,0x00
ldd,r28,Z+12
ldi,r29,0x08
ldd,r25,Z+22
movw,r26,r30
add,r26,r25
adc,r27,r18
subi,r26,0xA9
sbci,r27,0xFF
ld,r24,X
ldi,r18,0x40
std,Y+4,r18
std,Y+2,r24
subi,r25,0xFF
andi,r25,0x3F
ldd,r24,Y+5
ldd,r18,Z+21
cpse,r18,r25
rjmp,.+4
andi,r24,0xDF
std,Y+5,r24
std,Z+22,r25
pop,r29
pop,r28
brts,.+4
jmp,0xdcc
pop,r27
pop,r26
pop,r25
pop,r24
pop,r18
out,0x3f,r18
pop,r18
pop,r31
pop,r30
reti
push,r18
in,r18,0x3f
push,r18
push,r24
push,r25
push,r28
push,r29
ldd,r28,Z+12
ldi,r29,0x08
ldd,r24,Y+1
ld,r25,Y
sbrc,r24,1
rjmp,.+26
ldd,r28,Z+19
ldi,r24,0x01
add,r24,r28
andi,r24,0x3F
ldd,r18,Z+20
cp,r18,r24
breq,.+12
add,r28,r30
mov,r29,r31
ldi,r18,0x00
adc,r29,r18
std,Y+23,r25
std,Z+19,r24
pop,r29
pop,r28
pop,r25
pop,r24
pop,r18
out,0x3f,r18
pop,r18
pop,r31
pop,r30
reti
push,r31
push,r24
in,r24,0x3f
push,r24
ldi,r31,0x08
ld,r24,Z
ldd,r24,Z+4
sbrs,r24,7
rjmp,.-8
ldd,r24,Z+5
andi,r24,0xBF
ori,r24,0x80
std,Z+5,r24
pop,r24
out,0x3f,r24
pop,r24
pop,r31
pop,r30
reti
push,r1
push,r0
in,r0,0x3f
push,r0
eor,r1,r1
push,r24
push,r25
push,r26
push,r27
lds,r24,0x4168
lds,r25,0x4169
lds,r26,0x416A
lds,r27,0x416B
adiw,r24,0x01
adc,r26,r1
adc,r27,r1
sts,0x4168,r24
sts,0x4169,r25
sts,0x416A,r26
sts,0x416B,r27
ldi,r24,0x01
sts,0x0B26,r24
pop,r27
pop,r26
pop,r25
pop,r24
pop,r0
out,0x3f,r0
pop,r0
pop,r1
reti
push,r1
push,r0
in,r0,0x3f
push,r0
eor,r1,r1
in,r0,0x3b
push,r0
push,r18
push,r19
push,r20
push,r21
push,r22
push,r23
push,r24
push,r25
push,r26
push,r27
push,r30
push,r31
lds,r20,0x0B3C
lds,r21,0x0B3D
in,r24,0x16
mov,r18,r24
andi,r18,0x08
sbrc,r24,3
rjmp,.+78
ldi,r24,0x41
sts,0x0B34,r24
lds,r24,0x4164
lds,r25,0x4165
movw,r22,r20
sub,r22,r24
sbc,r23,r25
movw,r24,r22
ldi,r23,0x00
ldi,r22,0x00
sts,0x4164,r20
sts,0x4165,r21
sts,0x4166,r22
sts,0x4167,r23
and,r18,r18
breq,.+86
sbis,0x1f,0
rjmp,.+32
cpi,r24,0x09
sbci,r25,0x07
brcs,.+38
cbi,0x1f,0
sts,0x4163,r1
ldi,r30,0x43
ldi,r31,0x41
ldi,r24,0x20
movw,r26,r30
st,X+,r1
dec,r24
brne,.-6
rjmp,.+16
ldi,r24,0x51
rjmp,.-80
subi,r24,0x83
sbci,r25,0x14
cpi,r24,0xDB
sbci,r25,0x05
brcc,.+2
sbi,0x1f,0
pop,r31
pop,r30
pop,r27
pop,r26
pop,r25
pop,r24
pop,r23
pop,r22
pop,r21
pop,r20
pop,r19
pop,r18
pop,r0
out,0x3b,r0
pop,r0
out,0x3f,r0
pop,r0
pop,r1
reti
sbis,0x1f,0
rjmp,.-42
movw,r18,r24
subi,r18,0x2D
sbci,r19,0x01
cpi,r18,0x65
sbci,r19,0x03
brcc,.+112
lds,r24,0x4142
add,r24,r24
sts,0x4142,r24
lds,r24,0x4163
andi,r24,0x07
cpi,r24,0x07
brne,.+66
lds,r24,0x4142
lds,r30,0x4163
ldi,r31,0x00
ldi,r25,0x03
asr,r31
ror,r30
dec,r25
brne,.-8
subi,r30,0xBD
sbci,r31,0xBE
st,Z,r24
lds,r24,0x4163
cpi,r24,0x07
brne,.+28
lds,r24,0x4142
swap,r24
lsr,r24
lsr,r24
andi,r24,0x03
breq,.+66
cpi,r24,0x01
breq,.+66
cpi,r24,0x02
breq,.+66
ldi,r24,0xFF
sts,0x4002,r24
sts,0x4142,r1
lds,r25,0x4163
lds,r24,0x4002
cp,r25,r24
brcs,.+48
sts,0x4163,r1
cbi,0x1f,0
sbi,0x1f,1
sts,0x0B35,r1
rjmp,.-166
subi,r24,0xCF
sbci,r25,0x04
cpi,r24,0x65
sbci,r25,0x03
brcs,.+2
rjmp,.-216
lds,r24,0x4142
add,r24,r24
subi,r24,0xFF
rjmp,.-128
ldi,r24,0x1F
rjmp,.-60
ldi,r24,0x3F
rjmp,.-64
ldi,r24,0x7F
rjmp,.-68
lds,r24,0x4163
subi,r24,0xFF
sts,0x4163,r24
rjmp,.-212
push,r1
push,r0
in,r0,0x3f
push,r0
eor,r1,r1
in,r0,0x3b
push,r0
push,r18
push,r19
push,r20
push,r21
push,r24
push,r25
push,r30
push,r31
in,r24,0x0a
in,r25,0x0b
out,0x0b,r25
lds,r25,0x4000
add,r25,r25
add,r25,r25
mov,r30,r24
andi,r30,0x0F
lsr,r30
lsr,r30
lds,r18,0x4001
add,r18,r18
add,r18,r18
or,r30,r18
sts,0x4001,r30
andi,r24,0x03
or,r25,r24
sts,0x4000,r25
andi,r30,0x0F
ldi,r31,0x00
subi,r30,0x6D
sbci,r31,0xF9
lpm,r24,Z
lds,r30,0x4141
add,r24,r30
sts,0x4141,r24
andi,r25,0x0F
mov,r30,r25
ldi,r31,0x00
subi,r30,0x6D
sbci,r31,0xF9
lpm,r25,Z
lds,r30,0x4140
add,r25,r30
sts,0x4140,r25
cpi,r24,0x04
brge,.+2
rjmp,.+258
lds,r30,0x4175
ldi,r31,0x00
subi,r30,0x69
sbci,r31,0xB0
ld,r18,Z
lds,r24,0x4007
lds,r30,0x4175
ldi,r19,0x08
mul,r24,r19
movw,r20,r0
eor,r1,r1
add,r30,r20
mov,r31,r21
adc,r31,r1
subi,r30,0xC5
sbci,r31,0xF9
lpm,r30,Z
cp,r18,r30
brcc,.+16
lds,r30,0x4175
ldi,r31,0x00
subi,r30,0x69
sbci,r31,0xB0
ld,r18,Z
subi,r18,0xFF
st,Z,r18
subi,r24,0x01
cpi,r24,0x05
brcc,.+68
lds,r24,0x4175
cpi,r24,0x06
brcc,.+60
lds,r24,0x4175
sbrc,r24,0
rjmp,.+52
lds,r30,0x4175
ldi,r31,0x00
subi,r30,0x69
sbci,r31,0xB0
ld,r18,Z
lds,r30,0x4175
ldi,r31,0x00
subi,r30,0x68
sbci,r31,0xB0
ld,r24,Z
cp,r24,r18
brcc,.+24
lds,r30,0x4175
ldi,r31,0x00
subi,r30,0x69
sbci,r31,0xB0
ld,r24,Z
lds,r30,0x4175
ldi,r31,0x00
subi,r30,0x68
sbci,r31,0xB0
st,Z,r24
lds,r24,0x4006
ori,r24,0x01
sts,0x4006,r24
sts,0x4141,r1
cpi,r25,0x04
brge,.+2
rjmp,.+228
lds,r30,0x4174
ldi,r31,0x00
subi,r30,0x61
sbci,r31,0xB0
ld,r18,Z
lds,r30,0x4174
lds,r24,0x4007
ldi,r19,0x08
mul,r24,r19
movw,r24,r0
eor,r1,r1
add,r30,r24
mov,r31,r25
adc,r31,r1
subi,r30,0xA5
sbci,r31,0xF6
lpm,r30,Z
cp,r18,r30
brcc,.+16
lds,r30,0x4174
ldi,r31,0x00
subi,r30,0x61
sbci,r31,0xB0
ld,r24,Z
subi,r24,0xFF
st,Z,r24
lds,r24,0x4006
ori,r24,0x01
sts,0x4006,r24
sts,0x4140,r1
pop,r31
pop,r30
pop,r25
pop,r24
pop,r21
pop,r20
pop,r19
pop,r18
pop,r0
out,0x3b,r0
pop,r0
out,0x3f,r0
pop,r0
pop,r1
reti
cpi,r24,0xFD
brge,.-114
lds,r30,0x4175
ldi,r31,0x00
subi,r30,0x69
sbci,r31,0xB0
ld,r24,Z
and,r24,r24
breq,.+16
lds,r30,0x4175
ldi,r31,0x00
subi,r30,0x69
sbci,r31,0xB0
ld,r24,Z
subi,r24,0x01
st,Z,r24
lds,r24,0x4007
subi,r24,0x01
cpi,r24,0x02
brcs,.+2
rjmp,.-172
lds,r24,0x4175
cpi,r24,0x06
brcs,.+2
rjmp,.-182
lds,r24,0x4175
sbrs,r24,0
rjmp,.-190
lds,r30,0x4175
ldi,r31,0x00
subi,r30,0x69
sbci,r31,0xB0
ld,r18,Z
lds,r30,0x4175
subi,r30,0x01
sbc,r31,r31
subi,r30,0x69
sbci,r31,0xB0
ld,r24,Z
cp,r18,r24
brcs,.+2
rjmp,.-222
lds,r30,0x4175
ldi,r31,0x00
subi,r30,0x69
sbci,r31,0xB0
ld,r24,Z
lds,r30,0x4175
subi,r30,0x01
sbc,r31,r31
subi,r30,0x69
sbci,r31,0xB0
rjmp,.-250
cpi,r25,0xFD
brlt,.+2
rjmp,.-160
lds,r30,0x4174
ldi,r31,0x00
subi,r30,0x61
sbci,r31,0xB0
ld,r24,Z
and,r24,r24
brne,.+2
rjmp,.-192
lds,r30,0x4174
ldi,r31,0x00
subi,r30,0x61
sbci,r31,0xB0
ld,r24,Z
subi,r24,0x01
rjmp,.-210
push,r17
push,r28
push,r29
ldi,r30,0xAC
ldi,r31,0x4F
std,Z+2,r1
std,Z+3,r1
ldi,r24,0xE8
ldi,r25,0x03
ldi,r26,0x00
ldi,r27,0x00
std,Z+4,r24
std,Z+5,r25
std,Z+6,r26
std,Z+7,r27
ldi,r24,0x62
ldi,r25,0x40
st,Z,r24
std,Z+1,r25
ldi,r24,0x00
ldi,r25,0x08
std,Z+12,r24
std,Z+13,r25
ldi,r24,0xB3
ldi,r25,0x09
std,Z+14,r24
std,Z+15,r25
ldi,r17,0x02
std,Z+16,r17
std,Z+17,r1
std,Z+18,r1
ldi,r28,0x66
ldi,r29,0x5E
std,Y+2,r1
std,Y+3,r1
ldi,r24,0xCE
ldi,r25,0x40
st,Y,r24
std,Y+1,r25
std,Y+7,r1
std,Y+8,r1
ldi,r24,0xD0
ldi,r25,0x07
ldi,r26,0x00
ldi,r27,0x00
std,Y+16,r24
std,Y+17,r25
std,Y+18,r26
std,Y+19,r27
ldi,r24,0x26
ldi,r25,0x00
ldi,r26,0x00
ldi,r27,0x00
std,Y+20,r24
std,Y+21,r25
std,Y+22,r26
std,Y+23,r27
std,Y+12,r1
std,Y+13,r1
std,Y+14,r1
std,Y+15,r1
std,Y+11,r1
call,0xe92
std,Y+24,r22
std,Y+25,r23
std,Y+26,r24
std,Y+27,r25
std,Y+28,r1
std,Y+29,r1
std,Y+30,r1
std,Y+31,r1
ldi,r24,0xE4
ldi,r25,0x40
st,Y,r24
std,Y+1,r25
ldi,r24,0x1A
std,Y+32,r24
ldi,r24,0x1D
std,Y+34,r24
ldi,r24,0x1B
std,Y+33,r24
ldi,r24,0x16
std,Y+35,r24
ldi,r24,0x17
std,Y+36,r24
ldi,r24,0x18
std,Y+37,r24
ldi,r24,0x19
std,Y+38,r24
ldi,r24,0xFF
std,Y+39,r24
std,Y+40,r24
ldi,r30,0x53
ldi,r31,0x5E
std,Z+5,r1
ldi,r24,0x43
ldi,r25,0x50
std,Z+6,r24
std,Z+7,r25
std,Z+12,r1
std,Z+13,r1
std,Z+14,r1
std,Z+15,r1
ldi,r24,0x01
std,Z+11,r24
std,Z+8,r24
std,Z+9,r1
std,Z+10,r17
ldi,r24,0x10
ldi,r25,0x0E
std,Z+2,r24
std,Z+3,r25
ldi,r24,0xB0
ldi,r25,0x04
st,Z,r24
std,Z+1,r25
ldi,r24,0x06
std,Z+4,r24
ldi,r24,0x04
ldi,r25,0x04
std,Z+16,r24
std,Z+17,r25
ldi,r24,0x40
std,Z+18,r24
pop,r29
pop,r28
pop,r17
ret
push,r28
push,r29
in,r28,0x3d
in,r29,0x3e
sbiw,r28,0x13
out,0x3d,r28
out,0x3e,r29
ldi,r24,0xD8
ldi,r25,0x24
out,0x34,r24
sts,0x0068,r25
ldi,r18,0x01
sts,0x0A03,r18
ldi,r24,0xFE
sts,0x0A26,r24
sts,0x0A27,r24
ldi,r25,0x0B
sts,0x0A00,r25
ldi,r19,0x02
sts,0x05E6,r19
sts,0x0A43,r18
sts,0x0A66,r24
sts,0x0A67,r24
sts,0x0A40,r25
sts,0x05E7,r25
ldi,r30,0x00
ldi,r31,0x0B
ldi,r18,0x07
ldi,r25,0xFE
ldi,r24,0x05
std,Z+1,r18
std,Z+12,r25
std,Z+13,r1
st,Z,r24
adiw,r30,0x10
cpi,r30,0x40
ldi,r19,0x0B
cpc,r31,r19
brne,.-18
ldi,r18,0xFF
ldi,r19,0x0F
sts,0x0BAA,r18
sts,0x0BAB,r19
ldi,r18,0x80
sts,0x0B82,r18
sts,0x0B81,r1
ldi,r20,0xFB
ldi,r21,0x03
sts,0x0BAE,r20
sts,0x0BAF,r21
ldi,r25,0x71
sts,0x0B80,r25
sts,0x0602,r24
ldi,r25,0x0E
sts,0x0605,r25
ldi,r25,0x60
sts,0x0603,r25
sts,0x0600,r24
lds,r24,0x00B0
andi,r24,0xF8
ori,r24,0x05
sts,0x00B0,r24
lds,r24,0x00B2
andi,r24,0xF8
ori,r24,0x05
sts,0x00B2,r24
ldi,r24,0xDF
ldi,r25,0x2E
sts,0x0B2C,r24
sts,0x0B2D,r25
ldi,r24,0x01
sts,0x0B25,r24
sts,0x0B21,r1
ldi,r25,0x03
sts,0x0B20,r25
sei
ldi,r25,0x40
sts,0x0401,r25
sts,0x04A1,r24
ldi,r25,0x02
sts,0x04A1,r25
sts,0x0401,r18
in,r18,0x3f
cli
sts,0x0442,r24
lds,r24,0x0450
ori,r24,0x08
sts,0x0450,r24
out,0x3f,r18
in,r18,0x3f
cli
sts,0x0442,r25
lds,r24,0x0451
ori,r24,0x08
sts,0x0451,r24
out,0x3f,r18
in,r25,0x3f
cli
ldi,r24,0x10
sts,0x0422,r24
lds,r24,0x0434
ori,r24,0x08
sts,0x0434,r24
out,0x3f,r25
in,r25,0x3f
cli
ldi,r24,0x04
sts,0x0442,r24
lds,r24,0x0452
ori,r24,0x08
sts,0x0452,r24
out,0x3f,r25
in,r18,0x3f
cli
ldi,r25,0x08
sts,0x0442,r25
lds,r24,0x0453
ori,r24,0x08
sts,0x0453,r24
out,0x3f,r18
in,r18,0x3f
cli
sts,0x0422,r25
lds,r24,0x0433
ori,r24,0x08
sts,0x0433,r24
out,0x3f,r18
in,r25,0x3f
cli
ldi,r24,0x20
sts,0x0422,r24
lds,r24,0x0435
ori,r24,0x08
sts,0x0435,r24
out,0x3f,r25
lds,r24,0x00C2
cpse,r24,r1
rjmp,.+172
call,0xf7c
movw,r8,r22
movw,r10,r24
ldi,r17,0x45
ldi,r16,0x01
lds,r24,0x00C2
cpse,r24,r1
rjmp,.+152
call,0xf7c
sub,r22,r8
sbc,r23,r9
sbc,r24,r10
sbc,r25,r11
cpi,r22,0xD1
sbci,r23,0x07
cpc,r24,r1
cpc,r25,r1
brcc,.+2
rjmp,.+128
call,0xf7c
sub,r22,r8
sbc,r23,r9
sbc,r24,r10
sbc,r25,r11
cpi,r22,0xE9
sbci,r23,0x03
cpc,r24,r1
cpc,r25,r1
brcs,.-54
ldi,r22,0x07
ldi,r23,0x41
ldi,r24,0xAC
ldi,r25,0x4F
rcall,.-3962
ldi,r22,0x04
ldi,r23,0x41
ldi,r24,0xAC
ldi,r25,0x4F
rcall,.-3972
sts,0x0608,r17
sts,0x060A,r16
lds,r24,0x060D
sbrs,r24,0
rjmp,.-8
lds,r12,0x0610
lds,r13,0x0611
mov,r0,r13
add,r0,r0
sbc,r14,r14
sbc,r15,r15
ldi,r18,0x0A
movw,r22,r14
movw,r20,r12
sbrs,r15,7
rjmp,.+26
ldi,r22,0x2D
ldi,r24,0xAC
ldi,r25,0x4F
call,0xa14
eor,r20,r20
eor,r21,r21
movw,r22,r20
sub,r20,r12
sbc,r21,r13
sbc,r22,r14
sbc,r23,r15
ldi,r18,0x0A
ldi,r24,0xAC
ldi,r25,0x4F
rcall,.-4016
ldi,r22,0x04
ldi,r23,0x41
ldi,r24,0xAC
ldi,r25,0x4F
rcall,.-4056
rjmp,.-160
in,r24,0x0b
out,0x0b,r24
ldi,r24,0x09
sts,0x0450,r24
sts,0x0451,r24
sts,0x0452,r24
sts,0x0453,r24
lds,r24,0x4FBC
cpi,r24,0x02
brcc,.+2
rjmp,.+678
ldi,r24,0x01
sts,0x4FBD,r24
ldi,r20,0x00
ldi,r21,0xC2
ldi,r22,0x01
ldi,r23,0x00
ldi,r24,0xAC
ldi,r25,0x4F
call,0x139c
lds,r24,0x5E72
cpse,r24,r1
rjmp,.+24
lds,r24,0x5E73
cpse,r24,r1
rjmp,.+16
lds,r24,0x5E74
cpse,r24,r1
rjmp,.+8
lds,r24,0x5E75
and,r24,r24
breq,.+8
lds,r24,0x5E6D
andi,r24,0xEF
breq,.+22
sts,0x5E72,r1
ldi,r24,0x40
sts,0x5E73,r24
ldi,r24,0x10
sts,0x5E74,r24
ldi,r24,0x50
sts,0x5E75,r24
ldi,r24,0x02
sts,0x5E6E,r24
ldi,r24,0x10
sts,0x5E6D,r24
ldi,r22,0x64
ldi,r23,0x00
ldi,r24,0x00
ldi,r25,0x00
call,0xf1c
sts,0x5E6A,r1
ldi,r24,0x66
ldi,r25,0x5E
call,0x19ae
or,r24,r25
breq,.+2
rjmp,.+146
lds,r24,0x5E6E
cpi,r24,0x02
brcs,.+10
lds,r24,0x5E6A
ori,r24,0x08
sts,0x5E6A,r24
ldi,r24,0x30
call,0x1678
ldi,r22,0x05
ldi,r23,0x00
ldi,r24,0x00
ldi,r25,0x00
call,0xf1c
ldi,r24,0x30
call,0x1678
ldi,r22,0x01
ldi,r23,0x00
ldi,r24,0x00
ldi,r25,0x00
call,0xf1c
ldi,r24,0x30
call,0x1678
ldi,r22,0x01
ldi,r23,0x00
ldi,r24,0x00
ldi,r25,0x00
call,0xf1c
lds,r24,0x5E6A
sbrc,r24,4
rjmp,.+6
ldi,r24,0x20
call,0x1678
lds,r22,0x5E6A
ori,r22,0x20
ldi,r24,0x66
ldi,r25,0x5E
call,0xf94
ldi,r24,0x04
sts,0x5E6B,r24
ldi,r22,0x0C
ldi,r24,0x66
ldi,r25,0x5E
call,0xf94
call,0x1002
ldi,r24,0x02
sts,0x5E6C,r24
ldi,r22,0x06
ldi,r24,0x66
ldi,r25,0x5E
call,0xf94
ldi,r22,0xFF
ldi,r24,0x66
ldi,r25,0x5E
call,0x1e5a
ldi,r22,0xB2
ldi,r23,0x06
ldi,r24,0x66
ldi,r25,0x5E
call,0xa22
ldi,r20,0x01
ldi,r22,0x00
ldi,r24,0x66
ldi,r25,0x5E
call,0x100a
ldi,r22,0xA3
ldi,r23,0x06
ldi,r24,0x66
ldi,r25,0x5E
call,0xa22
ldi,r22,0x2D
ldi,r23,0x41
ldi,r24,0xAC
ldi,r25,0x4F
call,0x203e
ldi,r22,0x04
ldi,r23,0x41
ldi,r24,0xAC
ldi,r25,0x4F
call,0x203e
ldi,r22,0x20
ldi,r23,0x00
ldi,r24,0x08
call,0x1c52
ldi,r22,0x20
ldi,r23,0x00
ldi,r24,0x09
call,0x1c52
ldi,r22,0x20
ldi,r23,0x00
ldi,r24,0x0A
call,0x1c52
ldi,r22,0xD0
ldi,r23,0x07
ldi,r24,0x00
ldi,r25,0x00
call,0xf1c
call,0x1002
ldi,r24,0x04
rcall,.-2782
mov,r2,r1
mov,r3,r1
movw,r4,r2
dec,r2
in,r16,0x06
ldi,r17,0x00
ldi,r20,0x03
asr,r17
ror,r16
dec,r20
brne,.-8
mov,r22,r16
andi,r22,0x07
mov,r13,r22
lds,r24,0x4004
cp,r22,r24
brne,.+2
rjmp,.+264
sts,0x4004,r22
call,0xf7c
sts,0x4170,r22
sts,0x4171,r23
sts,0x4172,r24
sts,0x4173,r25
call,0xf7c
lds,r16,0x417B
lds,r17,0x417C
lds,r18,0x417D
lds,r19,0x417E
sub,r22,r16
sbc,r23,r17
sbc,r24,r18
sbc,r25,r19
cpi,r22,0x88
sbci,r23,0x13
cpc,r24,r1
cpc,r25,r1
brcc,.+26
lds,r24,0x417B
lds,r25,0x417C
lds,r26,0x417D
lds,r27,0x417E
or,r24,r25
or,r24,r26
or,r24,r27
breq,.+2
rjmp,.+688
cli
lds,r17,0x4006
sts,0x4006,r1
sei
cpse,r17,r1
rjmp,.+930
call,0xf7c
lds,r12,0x4177
lds,r13,0x4178
lds,r14,0x4179
lds,r15,0x417A
sub,r22,r12
sbc,r23,r13
sbc,r24,r14
sbc,r25,r15
cpi,r22,0x61
sbci,r23,0xEA
cpc,r24,r1
cpc,r25,r1
brcc,.+2
rjmp,.+632
lds,r24,0x4176
cpse,r24,r1
rjmp,.+600
ldi,r24,0x01
sts,0x4176,r24
call,0xf7c
subi,r22,0x60
sbci,r23,0xEA
sbc,r24,r1
sbc,r25,r1
sts,0x4177,r22
sts,0x4178,r23
sts,0x4179,r24
sts,0x417A,r25
call,0x1002
rcall,.+4064
ldi,r18,0x03
ldi,r19,0x00
ldi,r20,0x00
ldi,r21,0x00
call,0x4326
cpse,r22,r1
rjmp,.+690
ldi,r20,0x00
ldi,r22,0x00
ldi,r24,0x66
ldi,r25,0x5E
call,0x100a
ldi,r22,0x4C
ldi,r23,0x07
ldi,r24,0x66
ldi,r25,0x5E
call,0xa22
ldi,r20,0x01
ldi,r22,0x00
ldi,r24,0x66
ldi,r25,0x5E
call,0x100a
ldi,r22,0x3D
ldi,r23,0x07
ldi,r24,0x66
ldi,r25,0x5E
call,0xa22
rjmp,.+518
sts,0x4FBD,r1
rjmp,.-678
call,0xf7c
lds,r8,0x4170
lds,r9,0x4171
lds,r10,0x4172
lds,r11,0x4173
sub,r22,r8
sbc,r23,r9
sbc,r24,r10
sbc,r25,r11
cpi,r22,0x33
cpc,r23,r1
cpc,r24,r1
cpc,r25,r1
brcc,.+2
rjmp,.-280
lds,r24,0x4003
cp,r13,r24
brcc,.+54
lds,r24,0x416C
lds,r25,0x416D
lds,r26,0x416E
lds,r27,0x416F
or,r24,r25
or,r24,r26
or,r24,r27
brne,.+24
sbrc,r16,0
rjmp,.+20
call,0xf7c
sts,0x416C,r22
sts,0x416D,r23
sts,0x416E,r24
sts,0x416F,r25
sts,0x4003,r13
rjmp,.-342
sbrs,r16,2
rjmp,.+238
sbrc,r24,2
rjmp,.+234
lds,r8,0x416C
lds,r9,0x416D
lds,r10,0x416E
lds,r11,0x416F
cp,r8,r1
cpc,r9,r1
cpc,r10,r1
cpc,r11,r1
brne,.+2
rjmp,.+166
call,0xf7c
sub,r22,r8
sbc,r23,r9
sbc,r24,r10
sbc,r25,r11
cpi,r22,0x11
sbci,r23,0x27
cpc,r24,r1
cpc,r25,r1
brcc,.+2
rjmp,.+3552
call,0x1002
ldi,r19,0x0F
mov,r14,r19
mov,r15,r1
std,Y+3,r14
std,Y+4,r15
ldi,r22,0xFF
movw,r24,r28
adiw,r24,0x03
call,0x136c
ldi,r31,0xFF
sub,r14,r31
sbc,r15,r31
ldi,r18,0x20
cp,r14,r18
cpc,r15,r1
brne,.-28
sts,0x4007,r1
ldi,r25,0x00
ldi,r24,0x00
movw,r30,r24
subi,r30,0x69
sbci,r31,0xB0
st,Z,r1
movw,r30,r24
subi,r30,0x61
sbci,r31,0xB0
st,Z,r1
adiw,r24,0x01
cpi,r24,0x08
cpc,r25,r1
brne,.-24
sts,0x4175,r1
sts,0x4174,r1
ldi,r20,0x00
ldi,r22,0x03
ldi,r24,0x66
ldi,r25,0x5E
call,0x100a
ldi,r22,0xD7
ldi,r23,0x06
ldi,r24,0x66
ldi,r25,0x5E
call,0xa22
ldi,r20,0x01
ldi,r22,0x05
ldi,r24,0x66
ldi,r25,0x5E
call,0x100a
ldi,r22,0xCF
ldi,r23,0x06
ldi,r24,0x66
ldi,r25,0x5E
call,0xa22
ldi,r22,0xE8
ldi,r23,0x03
ldi,r24,0x00
ldi,r25,0x00
call,0xf1c
ldi,r24,0x07
rjmp,.+20
lds,r24,0x4007
cpi,r24,0x0A
brcc,.+2
rjmp,.+132
ldi,r24,0x00
rcall,.-3402
lds,r24,0x4006
ori,r24,0x04
sts,0x4006,r24
sts,0x416C,r1
sts,0x416D,r1
sts,0x416E,r1
sts,0x416F,r1
sbrs,r16,1
rjmp,.+46
lds,r24,0x4003
sbrc,r24,1
rjmp,.+38
lds,r30,0x4007
ldi,r31,0x00
add,r30,r30
adc,r31,r31
subi,r30,0x81
sbci,r31,0xF8
lpm,r30,Z
lds,r24,0x4175
cp,r24,r30
brcs,.+84
sts,0x4175,r1
lds,r24,0x4006
ori,r24,0x02
sts,0x4006,r24
sbrs,r16,0
rjmp,.-302
lds,r24,0x4003
sbrc,r24,0
rjmp,.-310
lds,r30,0x4007
ldi,r31,0x00
add,r30,r30
adc,r31,r31
subi,r30,0x80
sbci,r31,0xF8
lpm,r30,Z
lds,r24,0x4174
cp,r24,r30
brcs,.+46
sts,0x4174,r1
lds,r24,0x4006
ori,r24,0x02
sts,0x4006,r24
rjmp,.-350
cpi,r24,0x01
brne,.+6
ldi,r24,0x02
sts,0x4007,r24
lds,r24,0x4007
subi,r24,0xFF
rjmp,.-148
lds,r24,0x4175
subi,r24,0xFF
sts,0x4175,r24
rjmp,.-92
lds,r24,0x4174
subi,r24,0xFF
sts,0x4174,r24
rjmp,.-54
call,0xf7c
sub,r22,r12
sbc,r23,r13
sbc,r24,r14
sbc,r25,r15
cpi,r22,0xC1
sbci,r23,0xD4
sbci,r24,0x01
cpc,r25,r1
brcs,.+2
rjmp,.-624
lds,r17,0x4FAB
lds,r16,0x4007
cpse,r17,r1
rjmp,.+2828
sbi,0x15,1
cpse,r16,r1
rjmp,.+880
ldi,r16,0x43
ldi,r17,0x50
mov,r13,r1
mov,r12,r1
ldi,r21,0x03
mov,r14,r21
mov,r15,r1
movw,r24,r12
movw,r22,r14
call,0x4832
movw,r30,r24
subi,r30,0x69
sbci,r31,0xB0
ld,r24,Z
call,0x133a
movw,r30,r16
st,Z+,r24
movw,r16,r30
ldi,r31,0xFF
sub,r12,r31
sbc,r13,r31
ldi,r18,0x10
cp,r12,r18
ldi,r18,0x0E
cpc,r13,r18
brne,.-42
lds,r24,0x4F93
lds,r25,0x4F94
lds,r26,0x4F95
lds,r27,0x4F96
adiw,r24,0x01
adc,r26,r1
adc,r27,r1
sts,0x4F93,r24
sts,0x4F94,r25
sts,0x4F95,r26
sts,0x4F96,r27
cbi,0x15,1
ldi,r24,0x01
sts,0x4FAB,r24
rjmp,.-928
ldi,r20,0x00
cpi,r22,0x01
brne,.+58
ldi,r22,0x00
ldi,r24,0x66
ldi,r25,0x5E
call,0x100a
ldi,r22,0x2D
ldi,r23,0x07
ldi,r24,0x66
ldi,r25,0x5E
call,0xa22
ldi,r20,0x01
ldi,r22,0x00
ldi,r24,0x66
ldi,r25,0x5E
call,0x100a
ldi,r22,0x21
ldi,r23,0x07
ldi,r24,0x66
ldi,r25,0x5E
call,0xa22
ldi,r22,0x7F
ldi,r24,0x66
ldi,r25,0x5E
call,0x1056
rjmp,.-186
ldi,r22,0x02
ldi,r24,0x66
ldi,r25,0x5E
call,0x100a
ldi,r22,0x14
ldi,r23,0x07
ldi,r24,0x66
ldi,r25,0x5E
call,0xa22
ldi,r20,0x01
ldi,r22,0x00
ldi,r24,0x66
ldi,r25,0x5E
call,0x100a
rcall,.+3258
ldi,r18,0x02
ldi,r19,0x00
ldi,r20,0x00
ldi,r21,0x00
rcall,.+3418
cpse,r22,r1
rjmp,.+6
ldi,r22,0x03
ldi,r23,0x07
rjmp,.-770
cpi,r22,0x01
brne,.+6
ldi,r22,0xF2
ldi,r23,0x06
rjmp,.-780
ldi,r22,0xE2
ldi,r23,0x06
rjmp,.-786
lds,r24,0x4176
cpse,r24,r1
call,0x1002
sbrs,r17,0
rjmp,.+24
lds,r24,0x4007
cpi,r24,0x0A
brne,.+16
call,0x10fa
lds,r25,0x4005
cpse,r24,r25
call,0x1f96
rcall,.-4096
lds,r24,0x4007
cpi,r24,0x0A
brne,.+20
call,0x10fa
lds,r25,0x4005
cp,r24,r25
breq,.+8
call,0x10fa
sts,0x4005,r24
call,0xf7c
sts,0x4177,r22
sts,0x4178,r23
sts,0x4179,r24
sts,0x417A,r25
mov,r24,r17
andi,r24,0x06
brne,.+10
lds,r24,0x4176
and,r24,r24
brne,.+2
rjmp,.+112
ldi,r20,0x00
ldi,r22,0x00
ldi,r24,0x66
ldi,r25,0x5E
call,0x100a
lds,r24,0x4007
cpi,r24,0x07
brcs,.+2
rjmp,.+176
lds,r30,0x4175
ldi,r19,0x08
mul,r24,r19
movw,r24,r0
eor,r1,r1
add,r30,r24
mov,r31,r25
adc,r31,r1
add,r30,r30
adc,r31,r31
subi,r30,0xA0
sbci,r31,0xF7
lpm,r22,Z+
lpm,r23,Z
ldi,r24,0x66
ldi,r25,0x5E
call,0xa22
ldi,r22,0x20
ldi,r24,0x66
ldi,r25,0x5E
call,0xa14
lds,r30,0x4174
lds,r24,0x4007
ldi,r20,0x08
mul,r24,r20
movw,r24,r0
eor,r1,r1
add,r30,r24
mov,r31,r25
adc,r31,r1
add,r30,r30
adc,r31,r31
subi,r30,0x66
sbci,r31,0xF8
lpm,r22,Z+
lpm,r23,Z
ldi,r24,0x66
ldi,r25,0x5E
call,0xa22
andi,r17,0x07
brne,.+10
lds,r24,0x4176
and,r24,r24
brne,.+2
rjmp,.+292
lds,r30,0x4007
cpi,r30,0x07
brcs,.+80
ldi,r20,0x00
ldi,r22,0x00
ldi,r24,0x66
ldi,r25,0x5E
call,0x100a
lds,r30,0x4F97
ldi,r31,0x00
add,r30,r30
adc,r31,r31
subi,r30,0xB6
sbci,r31,0xF7
lpm,r22,Z+
lpm,r23,Z
ldi,r24,0x66
ldi,r25,0x5E
call,0xa22
ldi,r20,0x01
ldi,r22,0x00
ldi,r24,0x66
ldi,r25,0x5E
call,0x100a
ldi,r22,0x95
ldi,r23,0x07
ldi,r24,0x66
ldi,r25,0x5E
call,0xa22
rjmp,.+106
lds,r30,0x4F97
ldi,r31,0x00
add,r30,r30
adc,r31,r31
subi,r30,0xB6
sbci,r31,0xF7
rjmp,.-166
ldi,r31,0x00
add,r30,r30
adc,r31,r31
subi,r30,0x81
sbci,r31,0xF8
lpm,r30,Z
ldi,r20,0x01
ldi,r22,0x00
ldi,r24,0x66
ldi,r25,0x5E
cpi,r30,0xFF
brne,.+2
rjmp,.+184
call,0x100a
lds,r30,0x4175
ldi,r31,0x00
subi,r30,0x69
sbci,r31,0xB0
ld,r24,Z
call,0x133a
mov,r17,r24
mov,r20,r24
ldi,r21,0x00
ldi,r23,0x00
ldi,r22,0x00
ldi,r18,0x0A
ldi,r24,0x66
ldi,r25,0x5E
call,0x205c
ldi,r22,0x20
ldi,r24,0x66
ldi,r25,0x5E
call,0xa14
cpi,r17,0x0A
brcc,.+10
ldi,r22,0x20
ldi,r24,0x66
ldi,r25,0x5E
call,0xa14
ldi,r20,0x01
ldi,r22,0x04
ldi,r24,0x66
ldi,r25,0x5E
call,0x100a
lds,r30,0x4007
ldi,r31,0x00
add,r30,r30
adc,r31,r31
subi,r30,0x9C
sbci,r31,0xF8
lpm,r22,Z+
lpm,r23,Z
ldi,r24,0x66
ldi,r25,0x5E
call,0xa22
ldi,r20,0x01
ldi,r22,0x0D
ldi,r24,0x66
ldi,r25,0x5E
call,0x100a
lds,r30,0x4174
lds,r24,0x4007
ldi,r21,0x08
mul,r24,r21
movw,r24,r0
eor,r1,r1
add,r30,r24
mov,r31,r25
adc,r31,r1
subi,r30,0xA5
sbci,r31,0xF6
lpm,r30,Z
cpi,r30,0x01
brne,.+48
lds,r30,0x4174
ldi,r31,0x00
subi,r30,0x61
sbci,r31,0xB0
ld,r24,Z
ldi,r22,0x60
ldi,r23,0x07
cpse,r24,r1
rjmp,.+4
ldi,r22,0x5C
ldi,r23,0x07
ldi,r24,0x66
ldi,r25,0x5E
call,0xa22
sts,0x4176,r1
rjmp,.-784
call,0x100a
ldi,r22,0x7A
ldi,r23,0x07
rjmp,.-246
lds,r30,0x4174
ldi,r31,0x00
subi,r30,0x61
sbci,r31,0xB0
ld,r17,Z
cpi,r17,0x64
brcc,.+24
ldi,r22,0x20
ldi,r24,0x66
ldi,r25,0x5E
call,0xa14
cpi,r17,0x0A
brcc,.+10
ldi,r22,0x20
ldi,r24,0x66
ldi,r25,0x5E
call,0xa14
lds,r30,0x4174
lds,r24,0x4007
ldi,r22,0x08
mul,r24,r22
movw,r24,r0
eor,r1,r1
add,r30,r24
mov,r31,r25
adc,r31,r1
subi,r30,0xA5
sbci,r31,0xF6
lpm,r30,Z
and,r30,r30
breq,.+20
mov,r20,r17
ldi,r21,0x00
ldi,r23,0x00
ldi,r22,0x00
ldi,r18,0x0A
ldi,r24,0x66
ldi,r25,0x5E
call,0x205c
rjmp,.-108
ldi,r22,0x20
ldi,r24,0x66
ldi,r25,0x5E
call,0xa14
rjmp,.-120
cpi,r16,0x01
breq,.+2
rjmp,.+234
lds,r16,0x4F9F
ldi,r24,0x0A
mul,r16,r24
mov,r16,r0
eor,r1,r1
subi,r16,0xF0
mov,r8,r16
com,r8
mov,r9,r1
mov,r24,r16
lsr,r24
ldi,r25,0x00
movw,r20,r8
add,r20,r24
adc,r21,r25
std,Y+14,r20
std,Y+15,r21
ldi,r17,0x00
movw,r30,r16
sub,r30,r24
sbc,r31,r25
std,Y+16,r30
std,Y+17,r31
ldi,r20,0x43
mov,r14,r20
ldi,r20,0x50
mov,r15,r20
mov,r11,r1
mov,r10,r1
movw,r24,r10
ldi,r22,0x03
ldi,r23,0x00
rcall,.+3970
mov,r7,r24
add,r7,r7
rcall,.+2502
movw,r20,r4
movw,r18,r2
rcall,.+2666
mov,r12,r22
mov,r13,r1
movw,r30,r14
ld,r6,Z
ldi,r31,0x20
cp,r31,r6
brcc,.+40
cp,r8,r12
cpc,r9,r13
brge,.+58
mov,r30,r7
ldi,r31,0x00
subi,r30,0x68
sbci,r31,0xB0
ld,r24,Z
call,0x133a
movw,r30,r14
ld,r25,Z
cp,r6,r24
brcc,.+28
ldi,r24,0x7F
add,r24,r25
cpi,r24,0x7D
brcs,.+68
subi,r25,0xFF
rjmp,.+66
ldd,r18,Y+14
ldd,r19,Y+15
cp,r18,r12
cpc,r19,r13
brlt,.-44
ldd,r24,Y+16
ldd,r25,Y+17
rjmp,.+10
mov,r6,r25
ldi,r31,0x20
cp,r31,r25
brcc,.-14
movw,r24,r16
cp,r12,r24
cpc,r13,r25
brge,.+38
mov,r30,r7
ldi,r31,0x00
subi,r30,0x69
sbci,r31,0xB0
ld,r24,Z
call,0x133a
cp,r24,r6
brcc,.+20
movw,r30,r14
ld,r24,Z
cpi,r24,0x81
brcs,.+38
subi,r24,0x02
st,Z,r24
rjmp,.+6
subi,r25,0xFE
movw,r30,r14
st,Z,r25
ldi,r31,0xFF
sub,r10,r31
sbc,r11,r31
ldi,r18,0xFF
sub,r14,r18
sbc,r15,r18
ldi,r19,0x10
cp,r10,r19
ldi,r19,0x0E
cpc,r11,r19
breq,.+2
rjmp,.-168
rjmp,.-1060
subi,r24,0x01
rjmp,.-40
cpi,r16,0x03
breq,.+2
rjmp,.+578
ldi,r19,0x83
mov,r14,r19
ldi,r19,0x41
mov,r15,r19
ldi,r16,0x43
ldi,r17,0x50
movw,r30,r14
ld,r24,Z
ldi,r25,0x00
movw,r18,r24
asr,r19
ror,r18
asr,r19
ror,r18
mov,r31,r18
andi,r31,0x1F
mov,r6,r31
movw,r30,r14
ldd,r20,Z+1
movw,r18,r24
ldi,r23,0x03
add,r18,r18
adc,r19,r19
dec,r23
brne,.-8
andi,r18,0x10
mov,r9,r20
swap,r9
lsr,r9
ldi,r26,0x07
and,r9,r26
or,r9,r18
andi,r20,0x1F
mov,r7,r20
ldd,r18,Z+2
mov,r8,r18
swap,r8
lsr,r8
lsr,r8
ldi,r27,0x03
and,r8,r27
inc,r8
andi,r18,0x3F
mov,r10,r18
add,r24,r24
mov,r24,r25
adc,r24,r24
sbc,r25,r25
mov,r11,r24
mov,r18,r6
add,r18,r20
eor,r19,r19
adc,r19,r19
movw,r24,r18
add,r24,r9
adc,r25,r1
or,r24,r25
breq,.+2
rjmp,.+286
lds,r24,0x4F9F
lds,r30,0x4007
ldi,r19,0x08
mul,r30,r19
movw,r30,r0
eor,r1,r1
subi,r30,0xA4
sbci,r31,0xF6
lpm,r30,Z
ldi,r25,0x00
adiw,r24,0x02
add,r24,r24
adc,r25,r25
add,r24,r24
adc,r25,r25
mul,r30,r24
movw,r18,r0
mul,r30,r25
add,r19,r0
eor,r1,r1
mov,r0,r19
add,r0,r0
sbc,r20,r20
sbc,r21,r21
ldi,r22,0x00
ldi,r23,0x00
movw,r24,r22
call,0x1f3c
lds,r18,0x4FA0
ldi,r19,0x00
ldi,r21,0x00
ldi,r20,0x00
cp,r22,r18
cpc,r23,r19
cpc,r24,r20
cpc,r25,r21
brge,.+96
lds,r18,0x4F98
lds,r22,0x4F97
ldi,r19,0x00
ldi,r21,0x00
ldi,r20,0x00
ldi,r23,0x00
ldi,r25,0x00
ldi,r24,0x00
call,0x1f3c
mov,r6,r22
lds,r18,0x4F9A
lds,r22,0x4F99
ldi,r19,0x00
ldi,r21,0x00
ldi,r20,0x00
ldi,r23,0x00
ldi,r25,0x00
ldi,r24,0x00
call,0x1f3c
mov,r9,r22
lds,r18,0x4F9C
lds,r22,0x4F9B
ldi,r19,0x00
ldi,r21,0x00
ldi,r20,0x00
ldi,r23,0x00
ldi,r25,0x00
ldi,r24,0x00
call,0x1f3c
mov,r7,r22
rcall,.+2056
ldi,r18,0x03
ldi,r19,0x00
ldi,r20,0x00
ldi,r21,0x00
rcall,.+2216
mov,r8,r22
mov,r11,r1
mov,r10,r1
movw,r30,r16
st,Z,r1
std,Z+1,r1
std,Z+2,r1
mov,r20,r9
ldi,r21,0x00
ldi,r18,0x80
mul,r11,r18
movw,r24,r0
eor,r1,r1
ldi,r22,0x04
mul,r6,r22
movw,r18,r0
eor,r1,r1
or,r24,r18
movw,r18,r20
ldi,r25,0x03
asr,r19
ror,r18
dec,r25
brne,.-8
or,r24,r18
movw,r30,r14
st,Z,r24
ldi,r18,0x05
add,r20,r20
adc,r21,r21
dec,r18
brne,.-8
or,r7,r20
std,Z+1,r7
mov,r18,r8
subi,r18,0x01
sbc,r19,r19
movw,r8,r18
ldi,r19,0x06
add,r8,r8
adc,r9,r9
dec,r19
brne,.-8
or,r10,r8
std,Z+2,r10
ldi,r19,0x03
add,r14,r19
adc,r15,r1
subi,r16,0xFD
sbci,r17,0xFF
ldi,r20,0x93
ldi,r21,0x4F
cp,r20,r14
cpc,r21,r15
breq,.+2
rjmp,.-390
rjmp,.-1474
mov,r18,r8
ldi,r19,0x00
ldi,r21,0x00
ldi,r20,0x00
lds,r22,0x4F93
lds,r23,0x4F94
lds,r24,0x4F95
lds,r25,0x4F96
rcall,.+2164
or,r22,r23
or,r22,r24
or,r22,r25
breq,.+2
rjmp,.-136
and,r11,r11
breq,.+22
cpse,r10,r1
rjmp,.+18
movw,r30,r16
st,Z,r1
std,Z+1,r1
std,Z+2,r1
mov,r11,r1
mov,r7,r1
mov,r9,r1
mov,r6,r1
rjmp,.-162
mov,r30,r10
ldi,r31,0x00
subi,r30,0xF0
sbci,r31,0xF6
lpm,r12,Z
mov,r24,r6
call,0x133a
mov,r13,r1
mov,r18,r24
ldi,r19,0x00
movw,r26,r12
rcall,.+2170
movw,r20,r4
movw,r18,r2
rcall,.+2008
movw,r30,r16
st,Z,r18
mov,r24,r9
call,0x133a
movw,r18,r12
mov,r26,r24
ldi,r27,0x00
rcall,.+2146
movw,r20,r4
movw,r18,r2
rcall,.+1984
movw,r30,r16
std,Z+1,r18
mov,r24,r7
call,0x133a
movw,r18,r12
mov,r26,r24
ldi,r27,0x00
rcall,.+2122
movw,r20,r4
movw,r18,r2
rcall,.+1960
movw,r30,r16
std,Z+2,r18
and,r11,r11
breq,.+4
dec,r10
rjmp,.-254
ldi,r31,0x3F
cp,r10,r31
breq,.+4
inc,r10
rjmp,.-264
eor,r11,r11
inc,r11
ldi,r20,0x3E
mov,r10,r20
rjmp,.-274
cpi,r16,0x04
brne,.+6
call,0x25a6
rjmp,.-1658
cpi,r16,0x05
breq,.+2
rjmp,.+184
lds,r24,0x4FA0
ldi,r18,0x0D
ldi,r19,0x00
sub,r18,r24
sbc,r19,r1
mov,r0,r19
add,r0,r0
sbc,r20,r20
sbc,r21,r21
lds,r22,0x4F93
lds,r23,0x4F94
lds,r24,0x4F95
lds,r25,0x4F96
rcall,.+1962
ldi,r20,0x00
mov,r15,r1
or,r22,r23
or,r22,r24
or,r22,r25
brne,.+120
lds,r24,0x4F98
call,0x133a
mov,r17,r24
lds,r24,0x4F97
call,0x133a
mov,r18,r17
ldi,r19,0x00
ldi,r21,0x00
ldi,r20,0x00
mov,r22,r24
ldi,r23,0x00
ldi,r25,0x00
ldi,r24,0x00
call,0x1f3c
mov,r17,r22
lds,r24,0x4F9A
call,0x133a
mov,r16,r24
lds,r24,0x4F99
call,0x133a
mov,r18,r16
ldi,r19,0x00
ldi,r21,0x00
ldi,r20,0x00
mov,r22,r24
ldi,r23,0x00
ldi,r25,0x00
ldi,r24,0x00
call,0x1f3c
mov,r15,r22
lds,r24,0x4F9C
call,0x133a
mov,r16,r24
lds,r24,0x4F9B
call,0x133a
mov,r18,r16
ldi,r19,0x00
ldi,r21,0x00
ldi,r20,0x00
mov,r22,r24
ldi,r23,0x00
ldi,r25,0x00
ldi,r24,0x00
call,0x1f3c
mov,r20,r22
lds,r18,0x4FA1
mov,r22,r15
mov,r24,r17
call,0x12f8
rjmp,.-1848
cpi,r16,0x06
breq,.+2
rjmp,.+254
lds,r24,0x417F
sbrs,r24,7
rjmp,.+230
mov,r25,r24
andi,r25,0x3F
subi,r24,0x01
cpse,r25,r1
rjmp,.+226
sts,0x417F,r1
lds,r30,0x417F
andi,r30,0x3F
ldi,r31,0x00
subi,r30,0xF0
sbci,r31,0xF6
lpm,r12,Z
lds,r24,0x4F9A
call,0x133a
mov,r17,r24
lds,r24,0x4F97
call,0x133a
mov,r8,r24
mov,r9,r1
mov,r11,r1
mov,r10,r1
mov,r13,r1
mov,r15,r1
mov,r14,r1
mov,r18,r17
ldi,r19,0x00
ldi,r21,0x00
ldi,r20,0x00
sub,r18,r8
sbc,r19,r9
sbc,r20,r10
sbc,r21,r11
movw,r24,r14
movw,r22,r12
rcall,.+2894
movw,r20,r4
movw,r18,r2
rcall,.+1626
mov,r16,r18
add,r16,r8
lds,r24,0x4F9B
call,0x133a
mov,r17,r24
lds,r24,0x4F98
call,0x133a
mov,r8,r24
mov,r9,r1
mov,r11,r1
mov,r10,r1
mov,r18,r17
ldi,r19,0x00
ldi,r21,0x00
ldi,r20,0x00
sub,r18,r8
sbc,r19,r9
sbc,r20,r10
sbc,r21,r11
movw,r24,r14
movw,r22,r12
rcall,.+2836
movw,r20,r4
movw,r18,r2
rcall,.+1568
mov,r7,r18
add,r7,r8
lds,r24,0x4F9C
call,0x133a
mov,r17,r24
lds,r24,0x4F99
call,0x133a
mov,r8,r24
mov,r9,r1
mov,r11,r1
mov,r10,r1
mov,r18,r17
ldi,r19,0x00
ldi,r21,0x00
ldi,r20,0x00
sub,r18,r8
sbc,r19,r9
sbc,r20,r10
sbc,r21,r11
movw,r24,r14
movw,r22,r12
rcall,.+2778
movw,r20,r4
movw,r18,r2
rcall,.+1510
add,r8,r18
ldi,r30,0x43
ldi,r31,0x50
st,Z,r16
std,Z+1,r7
std,Z+2,r8
adiw,r30,0x03
ldi,r24,0x53
ldi,r25,0x5E
cp,r24,r30
cpc,r25,r31
brne,.-18
rjmp,.-2092
cpi,r24,0x3F
brcs,.+8
ldi,r24,0xBF
sts,0x417F,r24
rjmp,.-228
subi,r24,0xFF
rjmp,.-10
cpi,r16,0x07
brne,.+2
rjmp,.-462
cpi,r16,0x08
breq,.+2
rjmp,.+150
lds,r24,0x4FA0
ldi,r18,0x0D
ldi,r19,0x00
sub,r18,r24
sbc,r19,r1
mov,r0,r19
add,r0,r0
sbc,r20,r20
sbc,r21,r21
lds,r22,0x4F93
lds,r23,0x4F94
lds,r24,0x4F95
lds,r25,0x4F96
rcall,.+1506
or,r22,r23
or,r22,r24
or,r22,r25
brne,.+90
call,0x10fa
mov,r30,r24
ldi,r31,0x00
subi,r30,0xB0
sbci,r31,0xF6
lpm,r15,Z
call,0x110c
movw,r16,r24
call,0x113c
add,r24,r16
adc,r25,r17
mul,r15,r24
movw,r18,r0
mul,r15,r25
add,r19,r0
eor,r1,r1
ldi,r21,0x00
ldi,r20,0x00
ldi,r22,0x00
ldi,r23,0x00
movw,r24,r22
call,0x1f3c
movw,r16,r22
movw,r18,r24
ldi,r20,0x80
ldi,r21,0x41
ldi,r22,0x81
ldi,r23,0x41
ldi,r24,0x82
ldi,r25,0x41
call,0x22a4
lds,r18,0x4FA1
lds,r20,0x4180
lds,r22,0x4181
lds,r24,0x4182
rjmp,.-414
sts,0x4182,r1
sts,0x4181,r1
sts,0x4180,r1
rjmp,.-32
cpi,r16,0x09
brne,.+66
lds,r16,0x4F93
lds,r17,0x4F94
lds,r18,0x4F95
lds,r19,0x4F96
movw,r20,r28
subi,r20,0xFD
sbci,r21,0xFF
movw,r22,r28
subi,r22,0xF6
sbci,r23,0xFF
movw,r24,r28
adiw,r24,0x0b
call,0x22a4
ldd,r24,Y+3
ldd,r25,Y+10
ldd,r18,Y+11
ldi,r30,0x43
ldi,r31,0x50
st,Z,r18
std,Z+1,r25
std,Z+2,r24
adiw,r30,0x03
ldi,r20,0x53
ldi,r21,0x5E
cp,r20,r30
cpc,r21,r31
brne,.-18
rjmp,.-2340
cpi,r16,0x0A
breq,.+2
rjmp,.+412
lds,r9,0x4F9F
mul,r9,r16
mov,r16,r0
eor,r1,r1
ldi,r26,0x10
mov,r9,r26
add,r9,r16
mov,r8,r9
com,r8
call,0x10fa
mov,r30,r24
ldi,r31,0x00
subi,r30,0xB0
sbci,r31,0xF6
lpm,r15,Z
call,0x113c
movw,r16,r24
call,0x110c
add,r24,r16
adc,r25,r17
mul,r15,r24
movw,r10,r0
mul,r15,r25
add,r11,r0
eor,r1,r1
ldi,r27,0x43
mov,r12,r27
ldi,r27,0x50
mov,r13,r27
mov,r7,r1
mov,r6,r1
mov,r24,r8
ldi,r25,0x00
std,Y+14,r24
std,Y+15,r25
mov,r30,r9
ldi,r31,0x00
std,Y+16,r30
std,Y+17,r31
rcall,.+972
ldi,r18,0xFF
ldi,r19,0xFF
ldi,r20,0x00
ldi,r21,0x00
rcall,.+1132
movw,r24,r12
subi,r24,0x43
sbci,r25,0x50
lsr,r25
ror,r24
movw,r18,r6
lsr,r19
ror,r18
movw,r30,r18
add,r30,r30
adc,r31,r31
add,r30,r18
adc,r31,r19
movw,r18,r30
subi,r18,0x7B
sbci,r19,0xBE
std,Y+18,r18
std,Y+19,r19
movw,r30,r18
ld,r14,Z
mov,r15,r1
mov,r17,r14
eor,r16,r16
eor,r16,r16
andi,r17,0x0F
movw,r26,r24
subi,r26,0x7D
sbci,r27,0xBE
ld,r18,X
add,r16,r18
adc,r17,r1
ldi,r31,0x04
add,r14,r14
adc,r15,r15
dec,r31
brne,.-8
eor,r14,r14
ldi,r31,0x0F
and,r15,r31
subi,r24,0x7C
sbci,r25,0xBE
movw,r30,r24
ld,r18,Z
add,r14,r18
adc,r15,r1
cp,r8,r22
brcs,.+2
rjmp,.+150
subi,r16,0xFF
sbci,r17,0xFF
cp,r10,r16
cpc,r11,r17
brcc,.+2
rjmp,.+160
std,Y+12,r23
std,Y+13,r1
ldd,r18,Y+12
ldd,r19,Y+13
ldd,r20,Y+14
ldd,r21,Y+15
cp,r20,r18
cpc,r21,r19
brcs,.+2
rjmp,.+146
ldi,r21,0xFF
sub,r14,r21
sbc,r15,r21
cp,r10,r14
cpc,r11,r15
brcc,.+2
rjmp,.+166
st,X,r16
movw,r30,r24
st,Z,r14
mov,r24,r17
andi,r24,0xF0
movw,r18,r14
ldi,r25,0x04
lsr,r19
ror,r18
dec,r25
brne,.-8
and,r24,r18
ldd,r30,Y+18
ldd,r31,Y+19
st,Z,r24
ldi,r19,0x00
ldi,r18,0x00
movw,r20,r12
subi,r20,0xFE
sbci,r21,0xFF
movw,r22,r12
subi,r22,0xFF
sbci,r23,0xFF
movw,r24,r12
call,0x115e
movw,r16,r14
ldi,r19,0x00
ldi,r18,0x00
movw,r20,r12
subi,r20,0xFB
sbci,r21,0xFF
movw,r22,r12
subi,r22,0xFC
sbci,r23,0xFF
movw,r24,r12
adiw,r24,0x03
call,0x115e
ldi,r31,0x02
add,r6,r31
adc,r7,r1
ldi,r18,0x06
add,r12,r18
adc,r13,r1
ldi,r19,0xB0
cp,r6,r19
ldi,r19,0x04
cpc,r7,r19
breq,.+2
rjmp,.-256
rjmp,.-2690
cp,r22,r9
brcs,.+2
rjmp,.-144
subi,r16,0x01
sbc,r17,r1
cp,r10,r16
cpc,r11,r17
brcs,.+2
rjmp,.-156
movw,r16,r10
rjmp,.-160
ldi,r17,0x00
ldi,r16,0x00
rjmp,.-166
ldd,r30,Y+12
ldd,r31,Y+13
ldd,r18,Y+16
ldd,r19,Y+17
cp,r30,r18
cpc,r31,r19
brcs,.+2
rjmp,.-148
ldi,r19,0x01
sub,r14,r19
sbc,r15,r1
cp,r10,r14
cpc,r11,r15
brcs,.+2
rjmp,.-162
movw,r14,r10
rjmp,.-166
mov,r15,r1
mov,r14,r1
rjmp,.-172
ldi,r24,0x00
call,0x26d8
rjmp,.-2766
call,0xf7c
lds,r12,0x4FA7
lds,r13,0x4FA8
lds,r14,0x4FA9
lds,r15,0x4FAA
movw,r20,r22
movw,r22,r24
sub,r20,r12
sbc,r21,r13
sbc,r22,r14
sbc,r23,r15
ldi,r24,0x50
cpi,r16,0x02
brcs,.+28
cpi,r16,0x03
breq,.+2
rjmp,.+286
ldi,r30,0x73
ldi,r31,0x09
lpm,r24,Z
lds,r25,0x4F9F
sub,r24,r25
ldi,r25,0x0A
mul,r24,r25
mov,r24,r0
eor,r1,r1
subi,r24,0xE2
ldi,r25,0x00
ldi,r27,0x00
ldi,r26,0x00
cp,r24,r20
cpc,r25,r21
cpc,r26,r22
cpc,r27,r23
brcs,.+2
rjmp,.-3730
call,0xf7c
sts,0x4FA7,r22
sts,0x4FA8,r23
sts,0x4FA9,r24
sts,0x4FAA,r25
sbi,0x15,0
sts,0x4FAB,r1
lds,r24,0x5E59
lds,r25,0x5E5A
or,r24,r25
brne,.+2
rjmp,.+202
lds,r24,0x5E57
cpi,r24,0x29
brlt,.+2
rjmp,.+192
call,0xe92
lds,r16,0x5E5F
lds,r17,0x5E60
lds,r18,0x5E61
lds,r19,0x5E62
sub,r22,r16
sbc,r23,r17
sbc,r24,r18
sbc,r25,r19
cpi,r22,0x32
cpc,r23,r1
cpc,r24,r1
cpc,r25,r1
brcs,.-38
cli
lds,r24,0x5E55
lds,r25,0x5E56
std,Y+1,r24
std,Y+2,r25
lds,r26,0x5E59
lds,r27,0x5E5A
movw,r30,r26
adiw,r30,0x01
ld,r24,X
std,Y+9,r24
lds,r26,0x5E63
lds,r27,0x5E64
ld,r25,X
lds,r24,0x5E65
or,r25,r24
std,Y+8,r25
ld,r25,X
com,r24
and,r24,r25
std,Y+7,r24
ldd,r24,Y+7
std,Y+6,r24
ldi,r24,0x08
std,Y+5,r24
ldd,r21,Y+8
ldd,r22,Y+7
ldd,r20,Y+9
ldd,r19,Y+5
ldd,r18,Y+6
ldd,r24,Y+1
ldd,r25,Y+2
rjmp,.+0
st,X,r21
sbrc,r20,7
mov,r18,r21
adc,r20,r20
dec,r19
rjmp,.+0
st,X,r18
rjmp,.+0
mov,r18,r22
rcall,.+10
st,X,r22
breq,.+8
rcall,.+2
rjmp,.-30
rjmp,.+0
ret
ldi,r19,0x08
ld,r20,Z+
rjmp,.+0
sbiw,r24,0x01
brne,.-44
std,Y+9,r20
std,Y+5,r19
std,Y+6,r18
std,Y+1,r24
std,Y+2,r25
sei
call,0xe92
sts,0x5E5F,r22
sts,0x5E60,r23
sts,0x5E61,r24
sts,0x5E62,r25
cbi,0x15,0
rjmp,.-3976
ldi,r18,0x08
mul,r16,r18
movw,r30,r0
eor,r1,r1
subi,r30,0xA5
sbci,r31,0xF6
lpm,r24,Z
lds,r25,0x4F9F
mov,r30,r24
sub,r30,r25
ldi,r24,0x14
mul,r30,r24
mov,r24,r0
eor,r1,r1
rjmp,.-298
call,0xf7c
sub,r22,r8
sbc,r23,r9
sbc,r24,r10
sbc,r25,r11
cpi,r22,0xB9
sbci,r23,0x0B
cpc,r24,r1
cpc,r25,r1
brcc,.+2
rjmp,.-3434
lds,r22,0x4007
ldi,r20,0x0F
ldi,r21,0x00
std,Y+3,r20
std,Y+4,r21
movw,r24,r28
adiw,r24,0x03
call,0x136c
mov,r15,r1
mov,r14,r1
movw,r30,r14
subi,r30,0x69
sbci,r31,0xB0
ld,r22,Z
movw,r24,r14
adiw,r24,0x10
std,Y+3,r24
std,Y+4,r25
movw,r24,r28
adiw,r24,0x03
call,0x136c
movw,r30,r14
subi,r30,0x61
sbci,r31,0xB0
ld,r22,Z
movw,r24,r14
adiw,r24,0x18
std,Y+3,r24
std,Y+4,r25
movw,r24,r28
adiw,r24,0x03
call,0x136c
ldi,r21,0xFF
sub,r14,r21
sbc,r15,r21
ldi,r22,0x08
cp,r14,r22
cpc,r15,r1
brne,.-62
call,0x1002
ldi,r20,0x00
ldi,r22,0x03
ldi,r24,0x66
ldi,r25,0x5E
call,0x100a
ldi,r22,0xC4
ldi,r23,0x06
rjmp,.-3566
push,r8
push,r9
push,r10
push,r11
push,r12
push,r13
push,r14
push,r15
push,r28
push,r29
movw,r28,r24
ld,r22,Y
ldd,r23,Y+1
ldd,r24,Y+2
ldd,r25,Y+3
cp,r22,r1
cpc,r23,r1
cpc,r24,r1
cpc,r25,r1
brne,.+8
ldi,r22,0x24
ldi,r23,0xD9
ldi,r24,0x5B
ldi,r25,0x07
ldi,r18,0x1D
ldi,r19,0xF3
ldi,r20,0x01
ldi,r21,0x00
rcall,.+258
movw,r8,r18
movw,r10,r20
movw,r18,r22
movw,r20,r24
ldi,r26,0xA7
ldi,r27,0x41
rcall,.+300
movw,r12,r22
movw,r14,r24
ldi,r26,0xEC
ldi,r27,0xF4
movw,r20,r10
movw,r18,r8
rcall,.+310
add,r12,r22
adc,r13,r23
adc,r14,r24
adc,r15,r25
sbrs,r15,7
rjmp,.+12
ldi,r24,0x01
sub,r12,r24
sbc,r13,r1
sbc,r14,r1
ldi,r24,0x80
sbc,r15,r24
st,Y,r12
std,Y+1,r13
std,Y+2,r14
std,Y+3,r15
movw,r24,r14
movw,r22,r12
andi,r25,0x7F
pop,r29
pop,r28
pop,r15
pop,r14
pop,r13
pop,r12
pop,r11
pop,r10
pop,r9
pop,r8
ret
push,r8
push,r9
push,r10
push,r11
push,r12
push,r13
push,r14
push,r15
lds,r22,0x4008
lds,r23,0x4009
lds,r24,0x400A
lds,r25,0x400B
cp,r22,r1
cpc,r23,r1
cpc,r24,r1
cpc,r25,r1
brne,.+8
ldi,r22,0x24
ldi,r23,0xD9
ldi,r24,0x5B
ldi,r25,0x07
ldi,r18,0x1D
ldi,r19,0xF3
ldi,r20,0x01
ldi,r21,0x00
rcall,.+110
movw,r8,r18
movw,r10,r20
movw,r18,r22
movw,r20,r24
ldi,r26,0xA7
ldi,r27,0x41
rcall,.+152
movw,r12,r22
movw,r14,r24
ldi,r26,0xEC
ldi,r27,0xF4
movw,r20,r10
movw,r18,r8
rcall,.+162
add,r12,r22
adc,r13,r23
adc,r14,r24
adc,r15,r25
sbrs,r15,7
rjmp,.+12
ldi,r24,0x01
sub,r12,r24
sbc,r13,r1
sbc,r14,r1
ldi,r24,0x80
sbc,r15,r24
sts,0x4008,r12
sts,0x4009,r13
sts,0x400A,r14
sts,0x400B,r15
movw,r24,r14
movw,r22,r12
andi,r25,0x7F
pop,r15
pop,r14
pop,r13
pop,r12
pop,r11
pop,r10
pop,r9
pop,r8
ret
sts,0x4008,r22
sts,0x4009,r23
sts,0x400A,r24
sts,0x400B,r25
ret
mov,r0,r21
bst,r25,7
brtc,.+4
com,r0
rcall,.+30
sbrc,r21,7
rcall,.+10
rcall,.+72
sbrc,r0,7
rcall,.+4
brtc,.+16
rjmp,.+16
com,r21
com,r20
com,r19
neg,r18
sbci,r19,0xFF
sbci,r20,0xFF
sbci,r21,0xFF
ret
com,r25
com,r24
com,r23
neg,r22
sbci,r23,0xFF
sbci,r24,0xFF
sbci,r25,0xFF
ret
rcall,.+98
mul,r26,r21
add,r25,r0
mul,r27,r20
add,r25,r0
mul,r26,r20
add,r24,r0
adc,r25,r1
eor,r1,r1
ret
sbrs,r27,7
rjmp,.-24
rcall,.-26
sub,r24,r18
sbc,r25,r19
ret
ldi,r26,0x21
mov,r1,r26
sub,r26,r26
sub,r27,r27
movw,r30,r26
rjmp,.+26
adc,r26,r26
adc,r27,r27
adc,r30,r30
adc,r31,r31
cp,r26,r18
cpc,r27,r19
cpc,r30,r20
cpc,r31,r21
brcs,.+8
sub,r26,r18
sbc,r27,r19
sbc,r30,r20
sbc,r31,r21
adc,r22,r22
adc,r23,r23
adc,r24,r24
adc,r25,r25
dec,r1
brne,.-38
com,r22
com,r23
com,r24
com,r25
movw,r18,r22
movw,r20,r24
movw,r22,r26
movw,r24,r30
ret
mul,r26,r18
movw,r22,r0
mul,r27,r19
movw,r24,r0
mul,r26,r19
add,r23,r0
adc,r24,r1
eor,r1,r1
adc,r25,r1
mul,r27,r18
add,r23,r0
adc,r24,r1
eor,r1,r1
adc,r25,r1
ret
subi,r21,0x80
eor,r27,r27
eor,r26,r26
rcall,.+28
rjmp,.+736
rcall,.+706
brcs,.+12
rcall,.+716
brcs,.+8
brne,.+12
cpi,r25,0xFF
brne,.+4
brtc,.+6
rjmp,.+684
brtc,.+2
com,r30
bst,r30,7
rjmp,.+664
mov,r30,r25
rcall,.+740
brcs,.-32
cp,r27,r26
cpc,r22,r18
cpc,r23,r19
cpc,r24,r20
cpc,r25,r21
brcs,.+6
brne,.+28
brtc,.+102
rjmp,.+788
brtc,.+2
com,r30
mov,r0,r27
mov,r27,r26
mov,r26,r0
movw,r0,r22
movw,r22,r18
movw,r18,r0
movw,r0,r24
movw,r24,r20
movw,r20,r0
eor,r1,r1
eor,r31,r31
sub,r21,r25
breq,.+38
cpi,r21,0xF9
brcc,.+20
cpi,r21,0xE0
brcs,.+90
cp,r1,r26
sbci,r31,0x00
mov,r26,r18
mov,r18,r19
mov,r19,r20
eor,r20,r20
subi,r21,0xF8
rjmp,.-26
lsr,r20
ror,r19
ror,r18
ror,r26
sbci,r31,0x00
inc,r21
brne,.-14
brtc,.+30
cp,r1,r31
sbc,r27,r26
sbc,r22,r18
sbc,r23,r19
sbc,r24,r20
brmi,.+46
subi,r25,0x01
breq,.+40
add,r31,r31
adc,r27,r27
adc,r22,r22
adc,r23,r23
adc,r24,r24
brpl,.-16
rjmp,.+28
add,r27,r26
adc,r22,r18
adc,r23,r19
adc,r24,r20
brcc,.+18
ror,r24
ror,r23
ror,r22
ror,r27
ror,r31
cpi,r25,0xFE
brcs,.+2
rjmp,.-154
inc,r25
add,r24,r24
brcs,.+2
eor,r25,r25
add,r30,r30
ror,r25
ror,r24
ret
rcall,.+424
brcc,.+2
ldi,r24,0x01
ret
rcall,.+24
rjmp,.+532
rcall,.+516
brcs,.+16
rcall,.+498
brcs,.+12
brne,.+8
cpi,r21,0xFF
breq,.+6
rjmp,.+470
cpse,r21,r1
rjmp,.+616
rjmp,.+476
rcall,.+542
brcs,.-26
and,r25,r25
breq,.-14
and,r21,r21
breq,.-20
sub,r25,r21
sbc,r21,r21
eor,r27,r27
eor,r26,r26
cp,r22,r18
cpc,r23,r19
cpc,r24,r20
brcs,.+14
subi,r25,0xFF
sbci,r21,0xFF
add,r18,r18
adc,r19,r19
adc,r20,r20
adc,r26,r26
breq,.-22
rcall,.+102
mov,r0,r30
brmi,.+14
ldi,r30,0x80
rcall,.+96
subi,r25,0x01
sbci,r21,0x00
lsr,r30
adc,r0,r0
brpl,.-14
rcall,.+82
mov,r31,r30
rcall,.+78
add,r22,r22
adc,r23,r23
adc,r24,r24
adc,r27,r27
cp,r18,r22
cpc,r19,r23
cpc,r20,r24
cpc,r26,r27
ldi,r27,0x80
breq,.+2
sbc,r27,r27
mov,r24,r0
movw,r22,r30
eor,r31,r31
subi,r25,0x83
sbci,r21,0xFF
brmi,.+10
cpi,r25,0xFE
cpc,r21,r1
brcs,.+26
rjmp,.+354
rjmp,.+502
cpi,r21,0xFF
brlt,.-6
cpi,r25,0xE8
brlt,.-10
lsr,r24
ror,r23
ror,r22
ror,r27
ror,r31
subi,r25,0xFF
brne,.-14
add,r24,r24
adc,r25,r1
lsr,r25
ror,r24
bld,r25,7
ret
ldi,r30,0x01
add,r22,r22
adc,r23,r23
adc,r24,r24
adc,r27,r27
cp,r22,r18
cpc,r23,r19
cpc,r24,r20
cpc,r27,r26
brcs,.+8
sub,r22,r18
sbc,r23,r19
sbc,r24,r20
sbc,r27,r26
adc,r30,r30
brcc,.-30
com,r30
ret
rcall,.+376
brcs,.+34
subi,r25,0x7F
brcs,.+36
mov,r27,r25
eor,r25,r25
subi,r27,0x17
brcs,.+40
breq,.+52
add,r22,r22
adc,r23,r23
adc,r24,r24
adc,r25,r25
brmi,.+6
dec,r27
brne,.-14
rjmp,.+36
cpi,r27,0x01
breq,.+32
rcall,.+390
ldi,r27,0x01
ret
rjmp,.+384
mov,r22,r23
mov,r23,r24
eor,r24,r24
subi,r27,0xF8
breq,.+14
cpi,r27,0xF9
brlt,.-14
lsr,r24
ror,r23
ror,r22
inc,r27
brne,.-10
brtc,.+14
com,r25
com,r24
com,r23
neg,r22
sbci,r23,0xFF
sbci,r24,0xFF
sbci,r25,0xFF
ret
clt
rjmp,.+18
bst,r25,7
brtc,.+14
com,r25
com,r24
com,r23
neg,r22
sbci,r23,0xFF
sbci,r24,0xFF
sbci,r25,0xFF
and,r25,r25
breq,.+42
mov,r31,r25
ldi,r25,0x96
eor,r27,r27
inc,r25
lsr,r31
ror,r24
ror,r23
ror,r22
ror,r27
cpse,r31,r1
rjmp,.-16
brpl,.+62
add,r27,r27
brne,.+4
sbrs,r22,0
rjmp,.+54
subi,r22,0xFF
sbci,r23,0xFF
sbci,r24,0xFF
sbci,r25,0xFF
rjmp,.+44
and,r24,r24
breq,.+4
ldi,r25,0x96
rjmp,.+34
and,r23,r23
breq,.+8
ldi,r25,0x8E
mov,r24,r23
mov,r23,r22
rjmp,.+10
and,r22,r22
breq,.+28
ldi,r25,0x86
mov,r24,r22
ldi,r23,0x00
ldi,r22,0x00
brmi,.+10
dec,r25
add,r22,r22
adc,r23,r23
adc,r24,r24
brpl,.-10
add,r24,r24
lsr,r25
ror,r24
bld,r25,7
ret
add,r25,r25
sbc,r0,r0
add,r21,r21
sbc,r26,r26
ldi,r30,0x80
ldi,r31,0xFE
cp,r1,r22
cpc,r1,r23
cpc,r30,r24
cpc,r31,r25
brcs,.+48
cp,r1,r18
cpc,r1,r19
cpc,r30,r20
cpc,r31,r21
brcs,.+38
sub,r22,r18
sbc,r23,r19
sbc,r24,r20
sbc,r25,r21
brne,.+14
eor,r0,r26
breq,.+24
or,r18,r19
or,r18,r20
or,r18,r21
brne,.+8
ret
eor,r0,r26
brne,.+2
sbci,r26,0x01
lsr,r26
ldi,r24,0xFF
adc,r24,r1
adc,r24,r1
ret
bld,r25,7
ori,r25,0x7F
ldi,r24,0x80
ldi,r23,0x00
ldi,r22,0x00
ret
ldi,r25,0xFF
ldi,r24,0xC0
ret
eor,r0,r0
dec,r0
cp,r1,r22
cpc,r1,r23
cpc,r1,r24
cpc,r0,r25
ret
eor,r0,r0
dec,r0
cp,r1,r18
cpc,r1,r19
cpc,r1,r20
cpc,r0,r21
ret
mov,r0,r25
inc,r0
add,r0,r0
brne,.+4
and,r24,r24
brmi,.+20
add,r27,r27
brcc,.+16
or,r27,r31
brne,.+4
sbrs,r22,0
rjmp,.+8
subi,r22,0xFF
sbci,r23,0xFF
sbci,r24,0xFF
sbci,r25,0xFF
ret
sbrc,r21,7
subi,r25,0x80
add,r20,r20
adc,r21,r21
breq,.+22
cpi,r21,0xFF
breq,.+28
ror,r20
add,r24,r24
bst,r25,7
adc,r25,r25
breq,.+24
cpi,r25,0xFF
breq,.+30
ror,r24
ret
cp,r1,r18
cpc,r1,r19
cpc,r1,r20
adc,r21,r21
rjmp,.-28
lsr,r20
rcall,.-30
rjmp,.+16
cp,r1,r22
cpc,r1,r23
cpc,r1,r24
adc,r25,r25
rjmp,.-30
lsr,r24
cpc,r23,r1
cpc,r22,r1
sec
ret
clt
eor,r27,r27
eor,r22,r22
eor,r23,r23
movw,r24,r22
bld,r25,7
ret
rcall,.-236
brcc,.+2
ldi,r24,0xFF
ret
rcall,.+22
rjmp,.-128
rcall,.-158
brcs,.+10
rcall,.-148
brcs,.+6
and,r25,r21
breq,.+2
rjmp,.-188
rjmp,.-178
eor,r1,r1
rjmp,.-44
rcall,.-116
brcs,.-24
mul,r25,r21
breq,.-12
add,r25,r21
ldi,r21,0x00
adc,r21,r21
mul,r22,r18
movw,r30,r0
mul,r23,r18
eor,r27,r27
add,r31,r0
adc,r27,r1
mul,r22,r19
eor,r26,r26
add,r31,r0
adc,r27,r1
adc,r26,r26
mul,r22,r20
eor,r22,r22
add,r27,r0
adc,r26,r1
adc,r22,r22
mul,r24,r18
eor,r18,r18
add,r27,r0
adc,r26,r1
adc,r22,r18
mul,r23,r19
add,r27,r0
adc,r26,r1
adc,r22,r18
mul,r24,r19
add,r26,r0
adc,r22,r1
adc,r18,r18
mul,r23,r20
eor,r19,r19
add,r26,r0
adc,r22,r1
adc,r18,r19
mul,r24,r20
add,r22,r0
adc,r18,r1
mov,r24,r18
mov,r23,r22
mov,r22,r26
eor,r1,r1
subi,r25,0x7F
sbci,r21,0x00
brmi,.+34
breq,.+56
and,r24,r24
brmi,.+18
add,r30,r30
adc,r31,r31
adc,r27,r27
adc,r22,r22
adc,r23,r23
adc,r24,r24
subi,r25,0x01
sbci,r21,0x00
brne,.-22
cpi,r25,0xFE
cpc,r21,r1
brcs,.+28
rjmp,.-328
rjmp,.-180
cpi,r21,0xFF
brlt,.-6
cpi,r25,0xE8
brlt,.-10
lsr,r24
ror,r23
ror,r22
ror,r27
ror,r31
ror,r30
subi,r25,0xFF
brne,.-16
or,r31,r30
add,r24,r24
adc,r25,r1
lsr,r25
ror,r24
bld,r25,7
ret
rcall,.-442
sbc,r24,r24
sbc,r25,r25
ret
movw,r26,r22
push,r24
push,r25
rcall,.-1214
pop,r27
pop,r26
mul,r26,r18
add,r24,r0
adc,r25,r1
mul,r26,r19
add,r25,r0
mul,r27,r18
add,r25,r0
eor,r1,r1
ret
sub,r26,r26
sub,r27,r27
ldi,r21,0x11
rjmp,.+14
adc,r26,r26
adc,r27,r27
cp,r26,r22
cpc,r27,r23
brcs,.+4
sub,r26,r22
sbc,r27,r23
adc,r24,r24
adc,r25,r25
dec,r21
brne,.-22
com,r24
com,r25
movw,r22,r24
movw,r24,r26
ret
add,r30,r30
adc,r31,r31
eor,r0,r0
adc,r0,r0
out,0x3b,r0
elpm,r0,Z+
elpm,r31,Z
mov,r30,r0
ijmp
ldi,r24,0x01
ldi,r25,0x00
cli
rjmp,.+0
cli
rjmp,.-2
